-- Install configuration: ""
-- Up-to-date: /home/hasnae/ros2_ws7/install/robotics_sim_project/share/robotics_sim_project//worlds
-- Up-to-date: /home/hasnae/ros2_ws7/install/robotics_sim_project/share/robotics_sim_project//worlds/simple_test_world.world
-- Up-to-date: /home/hasnae/ros2_ws7/install/robotics_sim_project/share/robotics_sim_project//launch
-- Installing: /home/hasnae/ros2_ws7/install/robotics_sim_project/share/robotics_sim_project//launch/rviz_display.launch.py
-- Installing: /home/hasnae/ros2_ws7/install/robotics_sim_project/share/robotics_sim_project//launch/gazebo_simple_arm.launch.py
-- Up-to-date: /home/hasnae/ros2_ws7/install/robotics_sim_project/share/robotics_sim_project//urdf
-- Up-to-date: /home/hasnae/ros2_ws7/install/robotics_sim_project/share/robotics_sim_project//urdf/common
-- Installing: /home/hasnae/ros2_ws7/install/robotics_sim_project/share/robotics_sim_project//urdf/common/materials.xacro
-- Installing: /home/hasnae/ros2_ws7/install/robotics_sim_project/share/robotics_sim_project//urdf/common/properties.xacro
-- Installing: /home/hasnae/ros2_ws7/install/robotics_sim_project/share/robotics_sim_project//urdf/common/gazebo_materials.xacro
-- Installing: /home/hasnae/ros2_ws7/install/robotics_sim_project/share/robotics_sim_project//urdf/common/inertias.xacro
-- Up-to-date: /home/hasnae/ros2_ws7/install/robotics_sim_project/share/robotics_sim_project//urdf/simple_arm.urdf
-- Up-to-date: /home/hasnae/ros2_ws7/install/robotics_sim_project/share/robotics_sim_project//urdf/components
-- Installing: /home/hasnae/ros2_ws7/install/robotics_sim_project/share/robotics_sim_project//urdf/simple_arm.urdf.xacro
-- Up-to-date: /home/hasnae/ros2_ws7/install/robotics_sim_project/share/robotics_sim_project//meshes
-- Up-to-date: /home/hasnae/ros2_ws7/install/robotics_sim_project/share/ament_index/resource_index/package_run_dependencies/robotics_sim_project
-- Up-to-date: /home/hasnae/ros2_ws7/install/robotics_sim_project/share/ament_index/resource_index/parent_prefix_path/robotics_sim_project
-- Up-to-date: /home/hasnae/ros2_ws7/install/robotics_sim_project/share/robotics_sim_project/environment/ament_prefix_path.sh
-- Up-to-date: /home/hasnae/ros2_ws7/install/robotics_sim_project/share/robotics_sim_project/environment/ament_prefix_path.dsv
-- Up-to-date: /home/hasnae/ros2_ws7/install/robotics_sim_project/share/robotics_sim_project/environment/path.sh
-- Up-to-date: /home/hasnae/ros2_ws7/install/robotics_sim_project/share/robotics_sim_project/environment/path.dsv
-- Up-to-date: /home/hasnae/ros2_ws7/install/robotics_sim_project/share/robotics_sim_project/local_setup.bash
-- Up-to-date: /home/hasnae/ros2_ws7/install/robotics_sim_project/share/robotics_sim_project/local_setup.sh
-- Up-to-date: /home/hasnae/ros2_ws7/install/robotics_sim_project/share/robotics_sim_project/local_setup.zsh
-- Up-to-date: /home/hasnae/ros2_ws7/install/robotics_sim_project/share/robotics_sim_project/local_setup.dsv
-- Installing: /home/hasnae/ros2_ws7/install/robotics_sim_project/share/robotics_sim_project/package.dsv
-- Up-to-date: /home/hasnae/ros2_ws7/install/robotics_sim_project/share/ament_index/resource_index/packages/robotics_sim_project
-- Up-to-date: /home/hasnae/ros2_ws7/install/robotics_sim_project/share/robotics_sim_project/cmake/robotics_sim_projectConfig.cmake
-- Up-to-date: /home/hasnae/ros2_ws7/install/robotics_sim_project/share/robotics_sim_project/cmake/robotics_sim_projectConfig-version.cmake
-- Up-to-date: /home/hasnae/ros2_ws7/install/robotics_sim_project/share/robotics_sim_project/package.xml
