[0.162s] DEBUG:colcon:Command line arguments: ['/usr/bin/colcon', 'build', '--packages-select', 'robotics_sim_project']
[0.162s] DEBUG:colcon:Parsed command line arguments: Namespace(log_base=None, log_level=None, verb_name='build', build_base='build', install_base='install', merge_install=False, symlink_install=False, test_result_base=None, continue_on_error=False, executor='parallel', parallel_workers=2, event_handlers=None, ignore_user_meta=False, metas=['./colcon.meta'], base_paths=['.'], packages_ignore=None, packages_ignore_regex=None, paths=None, packages_up_to=None, packages_up_to_regex=None, packages_above=None, packages_above_and_dependencies=None, packages_above_depth=None, packages_select_by_dep=None, packages_skip_by_dep=None, packages_skip_up_to=None, packages_select_build_failed=False, packages_skip_build_finished=False, packages_select_test_failures=False, packages_skip_test_passed=False, packages_select=['robotics_sim_project'], packages_skip=None, packages_select_regex=None, packages_skip_regex=None, packages_start=None, packages_end=None, allow_overriding=[], cmake_args=None, cmake_target=None, cmake_target_skip_unavailable=False, cmake_clean_cache=False, cmake_clean_first=False, cmake_force_configure=False, ament_cmake_args=None, catkin_cmake_args=None, catkin_skip_building_tests=False, mixin_files=None, mixin=None, verb_parser=<colcon_mixin.mixin.mixin_argument.MixinArgumentDecorator object at 0x7f5ff85212d0>, verb_extension=<colcon_core.verb.build.BuildVerb object at 0x7f5ff8520880>, main=<bound method BuildVerb.main of <colcon_core.verb.build.BuildVerb object at 0x7f5ff8520880>>, mixin_verb=('build',))
[0.400s] Level 1:colcon.colcon_core.package_discovery:discover_packages(colcon_meta) check parameters
[0.400s] Level 1:colcon.colcon_core.package_discovery:discover_packages(recursive) check parameters
[0.400s] Level 1:colcon.colcon_core.package_discovery:discover_packages(ignore) check parameters
[0.400s] Level 1:colcon.colcon_core.package_discovery:discover_packages(path) check parameters
[0.400s] Level 1:colcon.colcon_core.package_discovery:discover_packages(colcon_meta) discover
[0.400s] Level 1:colcon.colcon_core.package_discovery:discover_packages(recursive) discover
[0.400s] INFO:colcon.colcon_core.package_discovery:Crawling recursively for packages in '/home/hasnae/ros2_ws7'
[0.402s] Level 1:colcon.colcon_core.package_identification:_identify(.) by extensions ['ignore', 'ignore_ament_install']
[0.402s] Level 1:colcon.colcon_core.package_identification:_identify(.) by extension 'ignore'
[0.402s] Level 1:colcon.colcon_core.package_identification:_identify(.) by extension 'ignore_ament_install'
[0.402s] Level 1:colcon.colcon_core.package_identification:_identify(.) by extensions ['colcon_pkg']
[0.402s] Level 1:colcon.colcon_core.package_identification:_identify(.) by extension 'colcon_pkg'
[0.402s] Level 1:colcon.colcon_core.package_identification:_identify(.) by extensions ['colcon_meta']
[0.402s] Level 1:colcon.colcon_core.package_identification:_identify(.) by extension 'colcon_meta'
[0.402s] Level 1:colcon.colcon_core.package_identification:_identify(.) by extensions ['ros']
[0.402s] Level 1:colcon.colcon_core.package_identification:_identify(.) by extension 'ros'
[0.414s] Level 1:colcon.colcon_core.package_identification:_identify(.) by extensions ['cmake', 'python']
[0.414s] Level 1:colcon.colcon_core.package_identification:_identify(.) by extension 'cmake'
[0.415s] Level 1:colcon.colcon_core.package_identification:_identify(.) by extension 'python'
[0.415s] Level 1:colcon.colcon_core.package_identification:_identify(.) by extensions ['python_setup_py']
[0.415s] Level 1:colcon.colcon_core.package_identification:_identify(.) by extension 'python_setup_py'
[0.415s] Level 1:colcon.colcon_core.package_identification:_identify(build) by extensions ['ignore', 'ignore_ament_install']
[0.415s] Level 1:colcon.colcon_core.package_identification:_identify(build) by extension 'ignore'
[0.415s] Level 1:colcon.colcon_core.package_identification:_identify(build) ignored
[0.415s] Level 1:colcon.colcon_core.package_identification:_identify(install) by extensions ['ignore', 'ignore_ament_install']
[0.415s] Level 1:colcon.colcon_core.package_identification:_identify(install) by extension 'ignore'
[0.415s] Level 1:colcon.colcon_core.package_identification:_identify(install) ignored
[0.415s] Level 1:colcon.colcon_core.package_identification:_identify(log) by extensions ['ignore', 'ignore_ament_install']
[0.415s] Level 1:colcon.colcon_core.package_identification:_identify(log) by extension 'ignore'
[0.415s] Level 1:colcon.colcon_core.package_identification:_identify(log) ignored
[0.416s] Level 1:colcon.colcon_core.package_identification:_identify(src) by extensions ['ignore', 'ignore_ament_install']
[0.416s] Level 1:colcon.colcon_core.package_identification:_identify(src) by extension 'ignore'
[0.416s] Level 1:colcon.colcon_core.package_identification:_identify(src) by extension 'ignore_ament_install'
[0.416s] Level 1:colcon.colcon_core.package_identification:_identify(src) by extensions ['colcon_pkg']
[0.416s] Level 1:colcon.colcon_core.package_identification:_identify(src) by extension 'colcon_pkg'
[0.416s] Level 1:colcon.colcon_core.package_identification:_identify(src) by extensions ['colcon_meta']
[0.416s] Level 1:colcon.colcon_core.package_identification:_identify(src) by extension 'colcon_meta'
[0.416s] Level 1:colcon.colcon_core.package_identification:_identify(src) by extensions ['ros']
[0.416s] Level 1:colcon.colcon_core.package_identification:_identify(src) by extension 'ros'
[0.416s] Level 1:colcon.colcon_core.package_identification:_identify(src) by extensions ['cmake', 'python']
[0.416s] Level 1:colcon.colcon_core.package_identification:_identify(src) by extension 'cmake'
[0.416s] Level 1:colcon.colcon_core.package_identification:_identify(src) by extension 'python'
[0.416s] Level 1:colcon.colcon_core.package_identification:_identify(src) by extensions ['python_setup_py']
[0.416s] Level 1:colcon.colcon_core.package_identification:_identify(src) by extension 'python_setup_py'
[0.416s] Level 1:colcon.colcon_core.package_identification:_identify(src/robotics_sim_project) by extensions ['ignore', 'ignore_ament_install']
[0.416s] Level 1:colcon.colcon_core.package_identification:_identify(src/robotics_sim_project) by extension 'ignore'
[0.416s] Level 1:colcon.colcon_core.package_identification:_identify(src/robotics_sim_project) by extension 'ignore_ament_install'
[0.416s] Level 1:colcon.colcon_core.package_identification:_identify(src/robotics_sim_project) by extensions ['colcon_pkg']
[0.417s] Level 1:colcon.colcon_core.package_identification:_identify(src/robotics_sim_project) by extension 'colcon_pkg'
[0.417s] Level 1:colcon.colcon_core.package_identification:_identify(src/robotics_sim_project) by extensions ['colcon_meta']
[0.417s] Level 1:colcon.colcon_core.package_identification:_identify(src/robotics_sim_project) by extension 'colcon_meta'
[0.417s] Level 1:colcon.colcon_core.package_identification:_identify(src/robotics_sim_project) by extensions ['ros']
[0.417s] Level 1:colcon.colcon_core.package_identification:_identify(src/robotics_sim_project) by extension 'ros'
[0.421s] DEBUG:colcon.colcon_core.package_identification:Package 'src/robotics_sim_project' with type 'ros.ament_cmake' and name 'robotics_sim_project'
[0.421s] Level 1:colcon.colcon_core.package_discovery:discover_packages(recursive) using defaults
[0.421s] Level 1:colcon.colcon_core.package_discovery:discover_packages(ignore) discover
[0.421s] Level 1:colcon.colcon_core.package_discovery:discover_packages(ignore) using defaults
[0.421s] Level 1:colcon.colcon_core.package_discovery:discover_packages(path) discover
[0.421s] Level 1:colcon.colcon_core.package_discovery:discover_packages(path) using defaults
[0.466s] Level 1:colcon.colcon_core.package_discovery:discover_packages(prefix_path) check parameters
[0.466s] Level 1:colcon.colcon_core.package_discovery:discover_packages(prefix_path) discover
[0.469s] DEBUG:colcon.colcon_installed_package_information.package_discovery:Found 1 installed packages in /home/hasnae/ros2_ws7/install
[0.469s] DEBUG:colcon.colcon_installed_package_information.package_discovery:Found 2 installed packages in /home/hasnae/ros2_ws6/install
[0.471s] DEBUG:colcon.colcon_installed_package_information.package_discovery:Found 4 installed packages in /home/hasnae/ros2_ws3/install
[0.471s] DEBUG:colcon.colcon_installed_package_information.package_discovery:Found 1 installed packages in /home/hasnae/ros2_ws/install
[0.472s] DEBUG:colcon.colcon_installed_package_information.package_discovery:Found 1 installed packages in /home/hasnae/ros2_ws1/install
[0.474s] DEBUG:colcon.colcon_installed_package_information.package_discovery:Found 460 installed packages in /opt/ros/humble
[0.476s] Level 1:colcon.colcon_core.package_discovery:discover_packages(prefix_path) using defaults
[0.562s] Level 5:colcon.colcon_core.verb:set package 'robotics_sim_project' build argument 'cmake_args' from command line to 'None'
[0.562s] Level 5:colcon.colcon_core.verb:set package 'robotics_sim_project' build argument 'cmake_target' from command line to 'None'
[0.562s] Level 5:colcon.colcon_core.verb:set package 'robotics_sim_project' build argument 'cmake_target_skip_unavailable' from command line to 'False'
[0.562s] Level 5:colcon.colcon_core.verb:set package 'robotics_sim_project' build argument 'cmake_clean_cache' from command line to 'False'
[0.562s] Level 5:colcon.colcon_core.verb:set package 'robotics_sim_project' build argument 'cmake_clean_first' from command line to 'False'
[0.562s] Level 5:colcon.colcon_core.verb:set package 'robotics_sim_project' build argument 'cmake_force_configure' from command line to 'False'
[0.562s] Level 5:colcon.colcon_core.verb:set package 'robotics_sim_project' build argument 'ament_cmake_args' from command line to 'None'
[0.562s] Level 5:colcon.colcon_core.verb:set package 'robotics_sim_project' build argument 'catkin_cmake_args' from command line to 'None'
[0.562s] Level 5:colcon.colcon_core.verb:set package 'robotics_sim_project' build argument 'catkin_skip_building_tests' from command line to 'False'
[0.562s] DEBUG:colcon.colcon_core.verb:Building package 'robotics_sim_project' with the following arguments: {'ament_cmake_args': None, 'build_base': '/home/hasnae/ros2_ws7/build/robotics_sim_project', 'catkin_cmake_args': None, 'catkin_skip_building_tests': False, 'cmake_args': None, 'cmake_clean_cache': False, 'cmake_clean_first': False, 'cmake_force_configure': False, 'cmake_target': None, 'cmake_target_skip_unavailable': False, 'install_base': '/home/hasnae/ros2_ws7/install/robotics_sim_project', 'merge_install': False, 'path': '/home/hasnae/ros2_ws7/src/robotics_sim_project', 'symlink_install': False, 'test_result_base': None}
[0.562s] INFO:colcon.colcon_core.executor:Executing jobs using 'parallel' executor
[0.563s] DEBUG:colcon.colcon_parallel_executor.executor.parallel:run_until_complete
[0.564s] INFO:colcon.colcon_ros.task.ament_cmake.build:Building ROS package in '/home/hasnae/ros2_ws7/src/robotics_sim_project' with build type 'ament_cmake'
[0.564s] INFO:colcon.colcon_cmake.task.cmake.build:Building CMake package in '/home/hasnae/ros2_ws7/src/robotics_sim_project'
[0.567s] INFO:colcon.colcon_core.plugin_system:Skipping extension 'colcon_core.shell.bat': Not used on non-Windows systems
[0.567s] INFO:colcon.colcon_core.shell:Skip shell extension 'powershell' for command environment: Not usable outside of PowerShell
[0.567s] DEBUG:colcon.colcon_core.shell:Skip shell extension 'dsv' for command environment
[0.588s] DEBUG:colcon.colcon_core.event_handler.log_command:Invoking command in '/home/hasnae/ros2_ws7/build/robotics_sim_project': CMAKE_PREFIX_PATH=${CMAKE_PREFIX_PATH}:/home/hasnae/ros2_ws6/install/robot_actions:/home/hasnae/ros2_ws3/install/simple_params:/home/hasnae/ros2_ws3/install/fleet_manager:/home/hasnae/ros2_ws1/install/service_practice:/home/hasnae/ros2_ws/install/my_first_package:/opt/ros/humble /usr/bin/cmake --build /home/hasnae/ros2_ws7/build/robotics_sim_project -- -j2 -l2
[0.686s] DEBUG:colcon.colcon_core.event_handler.log_command:Invoked command in '/home/hasnae/ros2_ws7/build/robotics_sim_project' returned '0': CMAKE_PREFIX_PATH=${CMAKE_PREFIX_PATH}:/home/hasnae/ros2_ws6/install/robot_actions:/home/hasnae/ros2_ws3/install/simple_params:/home/hasnae/ros2_ws3/install/fleet_manager:/home/hasnae/ros2_ws1/install/service_practice:/home/hasnae/ros2_ws/install/my_first_package:/opt/ros/humble /usr/bin/cmake --build /home/hasnae/ros2_ws7/build/robotics_sim_project -- -j2 -l2
[0.701s] DEBUG:colcon.colcon_core.event_handler.log_command:Invoking command in '/home/hasnae/ros2_ws7/build/robotics_sim_project': CMAKE_PREFIX_PATH=${CMAKE_PREFIX_PATH}:/home/hasnae/ros2_ws6/install/robot_actions:/home/hasnae/ros2_ws3/install/simple_params:/home/hasnae/ros2_ws3/install/fleet_manager:/home/hasnae/ros2_ws1/install/service_practice:/home/hasnae/ros2_ws/install/my_first_package:/opt/ros/humble /usr/bin/cmake --install /home/hasnae/ros2_ws7/build/robotics_sim_project
[0.725s] Level 1:colcon.colcon_core.environment:create_environment_scripts_only(robotics_sim_project)
[0.726s] DEBUG:colcon.colcon_core.event_handler.log_command:Invoked command in '/home/hasnae/ros2_ws7/build/robotics_sim_project' returned '0': CMAKE_PREFIX_PATH=${CMAKE_PREFIX_PATH}:/home/hasnae/ros2_ws6/install/robot_actions:/home/hasnae/ros2_ws3/install/simple_params:/home/hasnae/ros2_ws3/install/fleet_manager:/home/hasnae/ros2_ws1/install/service_practice:/home/hasnae/ros2_ws/install/my_first_package:/opt/ros/humble /usr/bin/cmake --install /home/hasnae/ros2_ws7/build/robotics_sim_project
[0.728s] Level 1:colcon.colcon_core.environment:checking '/home/hasnae/ros2_ws7/install/robotics_sim_project' for CMake module files
[0.729s] Level 1:colcon.colcon_core.environment:checking '/home/hasnae/ros2_ws7/install/robotics_sim_project' for CMake config files
[0.729s] Level 1:colcon.colcon_core.shell:create_environment_hook('robotics_sim_project', 'cmake_prefix_path')
[0.730s] INFO:colcon.colcon_core.shell:Creating environment hook '/home/hasnae/ros2_ws7/install/robotics_sim_project/share/robotics_sim_project/hook/cmake_prefix_path.ps1'
[0.731s] INFO:colcon.colcon_core.shell:Creating environment descriptor '/home/hasnae/ros2_ws7/install/robotics_sim_project/share/robotics_sim_project/hook/cmake_prefix_path.dsv'
[0.732s] INFO:colcon.colcon_core.shell:Creating environment hook '/home/hasnae/ros2_ws7/install/robotics_sim_project/share/robotics_sim_project/hook/cmake_prefix_path.sh'
[0.733s] Level 1:colcon.colcon_core.environment:checking '/home/hasnae/ros2_ws7/install/robotics_sim_project/bin'
[0.733s] Level 1:colcon.colcon_core.environment:checking '/home/hasnae/ros2_ws7/install/robotics_sim_project/lib/pkgconfig/robotics_sim_project.pc'
[0.733s] Level 1:colcon.colcon_core.environment:checking '/home/hasnae/ros2_ws7/install/robotics_sim_project/lib/python3.10/site-packages'
[0.734s] Level 1:colcon.colcon_core.environment:checking '/home/hasnae/ros2_ws7/install/robotics_sim_project/bin'
[0.734s] INFO:colcon.colcon_core.shell:Creating package script '/home/hasnae/ros2_ws7/install/robotics_sim_project/share/robotics_sim_project/package.ps1'
[0.735s] INFO:colcon.colcon_core.shell:Creating package descriptor '/home/hasnae/ros2_ws7/install/robotics_sim_project/share/robotics_sim_project/package.dsv'
[0.735s] INFO:colcon.colcon_core.shell:Creating package script '/home/hasnae/ros2_ws7/install/robotics_sim_project/share/robotics_sim_project/package.sh'
[0.736s] INFO:colcon.colcon_core.shell:Creating package script '/home/hasnae/ros2_ws7/install/robotics_sim_project/share/robotics_sim_project/package.bash'
[0.738s] INFO:colcon.colcon_core.shell:Creating package script '/home/hasnae/ros2_ws7/install/robotics_sim_project/share/robotics_sim_project/package.zsh'
[0.739s] Level 1:colcon.colcon_core.environment:create_file_with_runtime_dependencies(/home/hasnae/ros2_ws7/install/robotics_sim_project/share/colcon-core/packages/robotics_sim_project)
[0.740s] Level 1:colcon.colcon_core.environment:create_environment_scripts_only(robotics_sim_project)
[0.740s] Level 1:colcon.colcon_core.environment:checking '/home/hasnae/ros2_ws7/install/robotics_sim_project' for CMake module files
[0.740s] Level 1:colcon.colcon_core.environment:checking '/home/hasnae/ros2_ws7/install/robotics_sim_project' for CMake config files
[0.741s] Level 1:colcon.colcon_core.shell:create_environment_hook('robotics_sim_project', 'cmake_prefix_path')
[0.741s] INFO:colcon.colcon_core.shell:Creating environment hook '/home/hasnae/ros2_ws7/install/robotics_sim_project/share/robotics_sim_project/hook/cmake_prefix_path.ps1'
[0.742s] INFO:colcon.colcon_core.shell:Creating environment descriptor '/home/hasnae/ros2_ws7/install/robotics_sim_project/share/robotics_sim_project/hook/cmake_prefix_path.dsv'
[0.742s] INFO:colcon.colcon_core.shell:Creating environment hook '/home/hasnae/ros2_ws7/install/robotics_sim_project/share/robotics_sim_project/hook/cmake_prefix_path.sh'
[0.744s] Level 1:colcon.colcon_core.environment:checking '/home/hasnae/ros2_ws7/install/robotics_sim_project/bin'
[0.744s] Level 1:colcon.colcon_core.environment:checking '/home/hasnae/ros2_ws7/install/robotics_sim_project/lib/pkgconfig/robotics_sim_project.pc'
[0.744s] Level 1:colcon.colcon_core.environment:checking '/home/hasnae/ros2_ws7/install/robotics_sim_project/lib/python3.10/site-packages'
[0.745s] Level 1:colcon.colcon_core.environment:checking '/home/hasnae/ros2_ws7/install/robotics_sim_project/bin'
[0.745s] INFO:colcon.colcon_core.shell:Creating package script '/home/hasnae/ros2_ws7/install/robotics_sim_project/share/robotics_sim_project/package.ps1'
[0.746s] INFO:colcon.colcon_core.shell:Creating package descriptor '/home/hasnae/ros2_ws7/install/robotics_sim_project/share/robotics_sim_project/package.dsv'
[0.748s] INFO:colcon.colcon_core.shell:Creating package script '/home/hasnae/ros2_ws7/install/robotics_sim_project/share/robotics_sim_project/package.sh'
[0.749s] INFO:colcon.colcon_core.shell:Creating package script '/home/hasnae/ros2_ws7/install/robotics_sim_project/share/robotics_sim_project/package.bash'
[0.749s] INFO:colcon.colcon_core.shell:Creating package script '/home/hasnae/ros2_ws7/install/robotics_sim_project/share/robotics_sim_project/package.zsh'
[0.752s] Level 1:colcon.colcon_core.environment:create_file_with_runtime_dependencies(/home/hasnae/ros2_ws7/install/robotics_sim_project/share/colcon-core/packages/robotics_sim_project)
[0.752s] DEBUG:colcon.colcon_parallel_executor.executor.parallel:closing loop
[0.753s] DEBUG:colcon.colcon_parallel_executor.executor.parallel:loop closed
[0.754s] DEBUG:colcon.colcon_parallel_executor.executor.parallel:run_until_complete finished with '0'
[0.754s] DEBUG:colcon.colcon_core.event_reactor:joining thread
[0.762s] INFO:colcon.colcon_core.plugin_system:Skipping extension 'colcon_notification.desktop_notification.terminal_notifier': Not used on non-Darwin systems
[0.763s] INFO:colcon.colcon_core.plugin_system:Skipping extension 'colcon_notification.desktop_notification.win32': Not used on non-Windows systems
[0.763s] INFO:colcon.colcon_notification.desktop_notification:Sending desktop notification using 'notify2'
[0.795s] DEBUG:colcon.colcon_core.event_reactor:joined thread
[0.796s] INFO:colcon.colcon_core.shell:Creating prefix script '/home/hasnae/ros2_ws7/install/local_setup.ps1'
[0.797s] INFO:colcon.colcon_core.shell:Creating prefix util module '/home/hasnae/ros2_ws7/install/_local_setup_util_ps1.py'
[0.801s] INFO:colcon.colcon_core.shell:Creating prefix chain script '/home/hasnae/ros2_ws7/install/setup.ps1'
[0.803s] INFO:colcon.colcon_core.shell:Creating prefix script '/home/hasnae/ros2_ws7/install/local_setup.sh'
[0.804s] INFO:colcon.colcon_core.shell:Creating prefix util module '/home/hasnae/ros2_ws7/install/_local_setup_util_sh.py'
[0.805s] INFO:colcon.colcon_core.shell:Creating prefix chain script '/home/hasnae/ros2_ws7/install/setup.sh'
[0.807s] INFO:colcon.colcon_core.shell:Creating prefix script '/home/hasnae/ros2_ws7/install/local_setup.bash'
[0.808s] INFO:colcon.colcon_core.shell:Creating prefix chain script '/home/hasnae/ros2_ws7/install/setup.bash'
[0.811s] INFO:colcon.colcon_core.shell:Creating prefix script '/home/hasnae/ros2_ws7/install/local_setup.zsh'
[0.812s] INFO:colcon.colcon_core.shell:Creating prefix chain script '/home/hasnae/ros2_ws7/install/setup.zsh'
