[0.299s] DEBUG:colcon:Command line arguments: ['/usr/bin/colcon', 'build', '--packages-select', 'robotics_sim_project']
[0.299s] DEBUG:colcon:Parsed command line arguments: Namespace(log_base=None, log_level=None, verb_name='build', build_base='build', install_base='install', merge_install=False, symlink_install=False, test_result_base=None, continue_on_error=False, executor='parallel', parallel_workers=2, event_handlers=None, ignore_user_meta=False, metas=['./colcon.meta'], base_paths=['.'], packages_ignore=None, packages_ignore_regex=None, paths=None, packages_up_to=None, packages_up_to_regex=None, packages_above=None, packages_above_and_dependencies=None, packages_above_depth=None, packages_select_by_dep=None, packages_skip_by_dep=None, packages_skip_up_to=None, packages_select_build_failed=False, packages_skip_build_finished=False, packages_select_test_failures=False, packages_skip_test_passed=False, packages_select=['robotics_sim_project'], packages_skip=None, packages_select_regex=None, packages_skip_regex=None, packages_start=None, packages_end=None, allow_overriding=[], cmake_args=None, cmake_target=None, cmake_target_skip_unavailable=False, cmake_clean_cache=False, cmake_clean_first=False, cmake_force_configure=False, ament_cmake_args=None, catkin_cmake_args=None, catkin_skip_building_tests=False, mixin_files=None, mixin=None, verb_parser=<colcon_mixin.mixin.mixin_argument.MixinArgumentDecorator object at 0x78f41aaf92d0>, verb_extension=<colcon_core.verb.build.BuildVerb object at 0x78f41aaf8880>, main=<bound method BuildVerb.main of <colcon_core.verb.build.BuildVerb object at 0x78f41aaf8880>>, mixin_verb=('build',))
[0.851s] Level 1:colcon.colcon_core.package_discovery:discover_packages(colcon_meta) check parameters
[0.852s] Level 1:colcon.colcon_core.package_discovery:discover_packages(recursive) check parameters
[0.852s] Level 1:colcon.colcon_core.package_discovery:discover_packages(ignore) check parameters
[0.852s] Level 1:colcon.colcon_core.package_discovery:discover_packages(path) check parameters
[0.852s] Level 1:colcon.colcon_core.package_discovery:discover_packages(colcon_meta) discover
[0.852s] Level 1:colcon.colcon_core.package_discovery:discover_packages(recursive) discover
[0.852s] INFO:colcon.colcon_core.package_discovery:Crawling recursively for packages in '/home/hasnae/ros2_ws7'
[0.852s] Level 1:colcon.colcon_core.package_identification:_identify(.) by extensions ['ignore', 'ignore_ament_install']
[0.852s] Level 1:colcon.colcon_core.package_identification:_identify(.) by extension 'ignore'
[0.852s] Level 1:colcon.colcon_core.package_identification:_identify(.) by extension 'ignore_ament_install'
[0.852s] Level 1:colcon.colcon_core.package_identification:_identify(.) by extensions ['colcon_pkg']
[0.853s] Level 1:colcon.colcon_core.package_identification:_identify(.) by extension 'colcon_pkg'
[0.853s] Level 1:colcon.colcon_core.package_identification:_identify(.) by extensions ['colcon_meta']
[0.853s] Level 1:colcon.colcon_core.package_identification:_identify(.) by extension 'colcon_meta'
[0.853s] Level 1:colcon.colcon_core.package_identification:_identify(.) by extensions ['ros']
[0.853s] Level 1:colcon.colcon_core.package_identification:_identify(.) by extension 'ros'
[0.875s] Level 1:colcon.colcon_core.package_identification:_identify(.) by extensions ['cmake', 'python']
[0.875s] Level 1:colcon.colcon_core.package_identification:_identify(.) by extension 'cmake'
[0.875s] Level 1:colcon.colcon_core.package_identification:_identify(.) by extension 'python'
[0.875s] Level 1:colcon.colcon_core.package_identification:_identify(.) by extensions ['python_setup_py']
[0.875s] Level 1:colcon.colcon_core.package_identification:_identify(.) by extension 'python_setup_py'
[0.877s] Level 1:colcon.colcon_core.package_identification:_identify(build) by extensions ['ignore', 'ignore_ament_install']
[0.877s] Level 1:colcon.colcon_core.package_identification:_identify(build) by extension 'ignore'
[0.877s] Level 1:colcon.colcon_core.package_identification:_identify(build) ignored
[0.878s] Level 1:colcon.colcon_core.package_identification:_identify(install) by extensions ['ignore', 'ignore_ament_install']
[0.878s] Level 1:colcon.colcon_core.package_identification:_identify(install) by extension 'ignore'
[0.878s] Level 1:colcon.colcon_core.package_identification:_identify(install) ignored
[0.878s] Level 1:colcon.colcon_core.package_identification:_identify(log) by extensions ['ignore', 'ignore_ament_install']
[0.878s] Level 1:colcon.colcon_core.package_identification:_identify(log) by extension 'ignore'
[0.878s] Level 1:colcon.colcon_core.package_identification:_identify(log) ignored
[0.879s] Level 1:colcon.colcon_core.package_identification:_identify(src) by extensions ['ignore', 'ignore_ament_install']
[0.879s] Level 1:colcon.colcon_core.package_identification:_identify(src) by extension 'ignore'
[0.879s] Level 1:colcon.colcon_core.package_identification:_identify(src) by extension 'ignore_ament_install'
[0.879s] Level 1:colcon.colcon_core.package_identification:_identify(src) by extensions ['colcon_pkg']
[0.879s] Level 1:colcon.colcon_core.package_identification:_identify(src) by extension 'colcon_pkg'
[0.879s] Level 1:colcon.colcon_core.package_identification:_identify(src) by extensions ['colcon_meta']
[0.879s] Level 1:colcon.colcon_core.package_identification:_identify(src) by extension 'colcon_meta'
[0.879s] Level 1:colcon.colcon_core.package_identification:_identify(src) by extensions ['ros']
[0.879s] Level 1:colcon.colcon_core.package_identification:_identify(src) by extension 'ros'
[0.879s] Level 1:colcon.colcon_core.package_identification:_identify(src) by extensions ['cmake', 'python']
[0.879s] Level 1:colcon.colcon_core.package_identification:_identify(src) by extension 'cmake'
[0.879s] Level 1:colcon.colcon_core.package_identification:_identify(src) by extension 'python'
[0.879s] Level 1:colcon.colcon_core.package_identification:_identify(src) by extensions ['python_setup_py']
[0.879s] Level 1:colcon.colcon_core.package_identification:_identify(src) by extension 'python_setup_py'
[0.880s] Level 1:colcon.colcon_core.package_identification:_identify(src/robotics_sim_project) by extensions ['ignore', 'ignore_ament_install']
[0.880s] Level 1:colcon.colcon_core.package_identification:_identify(src/robotics_sim_project) by extension 'ignore'
[0.880s] Level 1:colcon.colcon_core.package_identification:_identify(src/robotics_sim_project) by extension 'ignore_ament_install'
[0.880s] Level 1:colcon.colcon_core.package_identification:_identify(src/robotics_sim_project) by extensions ['colcon_pkg']
[0.880s] Level 1:colcon.colcon_core.package_identification:_identify(src/robotics_sim_project) by extension 'colcon_pkg'
[0.880s] Level 1:colcon.colcon_core.package_identification:_identify(src/robotics_sim_project) by extensions ['colcon_meta']
[0.880s] Level 1:colcon.colcon_core.package_identification:_identify(src/robotics_sim_project) by extension 'colcon_meta'
[0.880s] Level 1:colcon.colcon_core.package_identification:_identify(src/robotics_sim_project) by extensions ['ros']
[0.880s] Level 1:colcon.colcon_core.package_identification:_identify(src/robotics_sim_project) by extension 'ros'
[0.887s] DEBUG:colcon.colcon_core.package_identification:Package 'src/robotics_sim_project' with type 'ros.ament_cmake' and name 'robotics_sim_project'
[0.887s] Level 1:colcon.colcon_core.package_discovery:discover_packages(recursive) using defaults
[0.887s] Level 1:colcon.colcon_core.package_discovery:discover_packages(ignore) discover
[0.887s] Level 1:colcon.colcon_core.package_discovery:discover_packages(ignore) using defaults
[0.887s] Level 1:colcon.colcon_core.package_discovery:discover_packages(path) discover
[0.887s] Level 1:colcon.colcon_core.package_discovery:discover_packages(path) using defaults
[0.955s] Level 1:colcon.colcon_core.package_discovery:discover_packages(prefix_path) check parameters
[0.955s] Level 1:colcon.colcon_core.package_discovery:discover_packages(prefix_path) discover
[0.966s] DEBUG:colcon.colcon_installed_package_information.package_discovery:Found 1 installed packages in /home/hasnae/ros2_ws7/install
[0.967s] DEBUG:colcon.colcon_installed_package_information.package_discovery:Found 2 installed packages in /home/hasnae/ros2_ws6/install
[0.968s] DEBUG:colcon.colcon_installed_package_information.package_discovery:Found 4 installed packages in /home/hasnae/ros2_ws3/install
[0.968s] DEBUG:colcon.colcon_installed_package_information.package_discovery:Found 1 installed packages in /home/hasnae/ros2_ws/install
[0.968s] DEBUG:colcon.colcon_installed_package_information.package_discovery:Found 1 installed packages in /home/hasnae/ros2_ws1/install
[0.972s] DEBUG:colcon.colcon_installed_package_information.package_discovery:Found 460 installed packages in /opt/ros/humble
[0.974s] Level 1:colcon.colcon_core.package_discovery:discover_packages(prefix_path) using defaults
[1.189s] Level 5:colcon.colcon_core.verb:set package 'robotics_sim_project' build argument 'cmake_args' from command line to 'None'
[1.189s] Level 5:colcon.colcon_core.verb:set package 'robotics_sim_project' build argument 'cmake_target' from command line to 'None'
[1.189s] Level 5:colcon.colcon_core.verb:set package 'robotics_sim_project' build argument 'cmake_target_skip_unavailable' from command line to 'False'
[1.189s] Level 5:colcon.colcon_core.verb:set package 'robotics_sim_project' build argument 'cmake_clean_cache' from command line to 'False'
[1.189s] Level 5:colcon.colcon_core.verb:set package 'robotics_sim_project' build argument 'cmake_clean_first' from command line to 'False'
[1.189s] Level 5:colcon.colcon_core.verb:set package 'robotics_sim_project' build argument 'cmake_force_configure' from command line to 'False'
[1.189s] Level 5:colcon.colcon_core.verb:set package 'robotics_sim_project' build argument 'ament_cmake_args' from command line to 'None'
[1.189s] Level 5:colcon.colcon_core.verb:set package 'robotics_sim_project' build argument 'catkin_cmake_args' from command line to 'None'
[1.189s] Level 5:colcon.colcon_core.verb:set package 'robotics_sim_project' build argument 'catkin_skip_building_tests' from command line to 'False'
[1.189s] DEBUG:colcon.colcon_core.verb:Building package 'robotics_sim_project' with the following arguments: {'ament_cmake_args': None, 'build_base': '/home/hasnae/ros2_ws7/build/robotics_sim_project', 'catkin_cmake_args': None, 'catkin_skip_building_tests': False, 'cmake_args': None, 'cmake_clean_cache': False, 'cmake_clean_first': False, 'cmake_force_configure': False, 'cmake_target': None, 'cmake_target_skip_unavailable': False, 'install_base': '/home/hasnae/ros2_ws7/install/robotics_sim_project', 'merge_install': False, 'path': '/home/hasnae/ros2_ws7/src/robotics_sim_project', 'symlink_install': False, 'test_result_base': None}
[1.189s] INFO:colcon.colcon_core.executor:Executing jobs using 'parallel' executor
[1.191s] DEBUG:colcon.colcon_parallel_executor.executor.parallel:run_until_complete
[1.191s] INFO:colcon.colcon_ros.task.ament_cmake.build:Building ROS package in '/home/hasnae/ros2_ws7/src/robotics_sim_project' with build type 'ament_cmake'
[1.191s] INFO:colcon.colcon_cmake.task.cmake.build:Building CMake package in '/home/hasnae/ros2_ws7/src/robotics_sim_project'
[1.202s] INFO:colcon.colcon_core.plugin_system:Skipping extension 'colcon_core.shell.bat': Not used on non-Windows systems
[1.202s] INFO:colcon.colcon_core.shell:Skip shell extension 'powershell' for command environment: Not usable outside of PowerShell
[1.202s] DEBUG:colcon.colcon_core.shell:Skip shell extension 'dsv' for command environment
[1.236s] DEBUG:colcon.colcon_core.event_handler.log_command:Invoking command in '/home/hasnae/ros2_ws7/build/robotics_sim_project': CMAKE_PREFIX_PATH=${CMAKE_PREFIX_PATH}:/home/hasnae/ros2_ws6/install/robot_actions:/home/hasnae/ros2_ws3/install/simple_params:/home/hasnae/ros2_ws3/install/fleet_manager:/home/hasnae/ros2_ws1/install/service_practice:/home/hasnae/ros2_ws/install/my_first_package:/opt/ros/humble /usr/bin/cmake --build /home/hasnae/ros2_ws7/build/robotics_sim_project -- -j2 -l2
[1.375s] DEBUG:colcon.colcon_core.event_handler.log_command:Invoked command in '/home/hasnae/ros2_ws7/build/robotics_sim_project' returned '0': CMAKE_PREFIX_PATH=${CMAKE_PREFIX_PATH}:/home/hasnae/ros2_ws6/install/robot_actions:/home/hasnae/ros2_ws3/install/simple_params:/home/hasnae/ros2_ws3/install/fleet_manager:/home/hasnae/ros2_ws1/install/service_practice:/home/hasnae/ros2_ws/install/my_first_package:/opt/ros/humble /usr/bin/cmake --build /home/hasnae/ros2_ws7/build/robotics_sim_project -- -j2 -l2
[1.393s] DEBUG:colcon.colcon_core.event_handler.log_command:Invoking command in '/home/hasnae/ros2_ws7/build/robotics_sim_project': CMAKE_PREFIX_PATH=${CMAKE_PREFIX_PATH}:/home/hasnae/ros2_ws6/install/robot_actions:/home/hasnae/ros2_ws3/install/simple_params:/home/hasnae/ros2_ws3/install/fleet_manager:/home/hasnae/ros2_ws1/install/service_practice:/home/hasnae/ros2_ws/install/my_first_package:/opt/ros/humble /usr/bin/cmake --install /home/hasnae/ros2_ws7/build/robotics_sim_project
[1.419s] Level 1:colcon.colcon_core.environment:create_environment_scripts_only(robotics_sim_project)
[1.420s] DEBUG:colcon.colcon_core.event_handler.log_command:Invoked command in '/home/hasnae/ros2_ws7/build/robotics_sim_project' returned '0': CMAKE_PREFIX_PATH=${CMAKE_PREFIX_PATH}:/home/hasnae/ros2_ws6/install/robot_actions:/home/hasnae/ros2_ws3/install/simple_params:/home/hasnae/ros2_ws3/install/fleet_manager:/home/hasnae/ros2_ws1/install/service_practice:/home/hasnae/ros2_ws/install/my_first_package:/opt/ros/humble /usr/bin/cmake --install /home/hasnae/ros2_ws7/build/robotics_sim_project
[1.431s] Level 1:colcon.colcon_core.environment:checking '/home/hasnae/ros2_ws7/install/robotics_sim_project' for CMake module files
[1.433s] Level 1:colcon.colcon_core.environment:checking '/home/hasnae/ros2_ws7/install/robotics_sim_project' for CMake config files
[1.438s] Level 1:colcon.colcon_core.shell:create_environment_hook('robotics_sim_project', 'cmake_prefix_path')
[1.438s] INFO:colcon.colcon_core.shell:Creating environment hook '/home/hasnae/ros2_ws7/install/robotics_sim_project/share/robotics_sim_project/hook/cmake_prefix_path.ps1'
[1.439s] INFO:colcon.colcon_core.shell:Creating environment descriptor '/home/hasnae/ros2_ws7/install/robotics_sim_project/share/robotics_sim_project/hook/cmake_prefix_path.dsv'
[1.440s] INFO:colcon.colcon_core.shell:Creating environment hook '/home/hasnae/ros2_ws7/install/robotics_sim_project/share/robotics_sim_project/hook/cmake_prefix_path.sh'
[1.442s] Level 1:colcon.colcon_core.environment:checking '/home/hasnae/ros2_ws7/install/robotics_sim_project/bin'
[1.442s] Level 1:colcon.colcon_core.environment:checking '/home/hasnae/ros2_ws7/install/robotics_sim_project/lib/pkgconfig/robotics_sim_project.pc'
[1.442s] Level 1:colcon.colcon_core.environment:checking '/home/hasnae/ros2_ws7/install/robotics_sim_project/lib/python3.10/site-packages'
[1.442s] Level 1:colcon.colcon_core.environment:checking '/home/hasnae/ros2_ws7/install/robotics_sim_project/bin'
[1.443s] INFO:colcon.colcon_core.shell:Creating package script '/home/hasnae/ros2_ws7/install/robotics_sim_project/share/robotics_sim_project/package.ps1'
[1.444s] INFO:colcon.colcon_core.shell:Creating package descriptor '/home/hasnae/ros2_ws7/install/robotics_sim_project/share/robotics_sim_project/package.dsv'
[1.445s] INFO:colcon.colcon_core.shell:Creating package script '/home/hasnae/ros2_ws7/install/robotics_sim_project/share/robotics_sim_project/package.sh'
[1.447s] INFO:colcon.colcon_core.shell:Creating package script '/home/hasnae/ros2_ws7/install/robotics_sim_project/share/robotics_sim_project/package.bash'
[1.448s] INFO:colcon.colcon_core.shell:Creating package script '/home/hasnae/ros2_ws7/install/robotics_sim_project/share/robotics_sim_project/package.zsh'
[1.449s] Level 1:colcon.colcon_core.environment:create_file_with_runtime_dependencies(/home/hasnae/ros2_ws7/install/robotics_sim_project/share/colcon-core/packages/robotics_sim_project)
[1.450s] Level 1:colcon.colcon_core.environment:create_environment_scripts_only(robotics_sim_project)
[1.451s] Level 1:colcon.colcon_core.environment:checking '/home/hasnae/ros2_ws7/install/robotics_sim_project' for CMake module files
[1.451s] Level 1:colcon.colcon_core.environment:checking '/home/hasnae/ros2_ws7/install/robotics_sim_project' for CMake config files
[1.451s] Level 1:colcon.colcon_core.shell:create_environment_hook('robotics_sim_project', 'cmake_prefix_path')
[1.452s] INFO:colcon.colcon_core.shell:Creating environment hook '/home/hasnae/ros2_ws7/install/robotics_sim_project/share/robotics_sim_project/hook/cmake_prefix_path.ps1'
[1.452s] INFO:colcon.colcon_core.shell:Creating environment descriptor '/home/hasnae/ros2_ws7/install/robotics_sim_project/share/robotics_sim_project/hook/cmake_prefix_path.dsv'
[1.453s] INFO:colcon.colcon_core.shell:Creating environment hook '/home/hasnae/ros2_ws7/install/robotics_sim_project/share/robotics_sim_project/hook/cmake_prefix_path.sh'
[1.453s] Level 1:colcon.colcon_core.environment:checking '/home/hasnae/ros2_ws7/install/robotics_sim_project/bin'
[1.454s] Level 1:colcon.colcon_core.environment:checking '/home/hasnae/ros2_ws7/install/robotics_sim_project/lib/pkgconfig/robotics_sim_project.pc'
[1.454s] Level 1:colcon.colcon_core.environment:checking '/home/hasnae/ros2_ws7/install/robotics_sim_project/lib/python3.10/site-packages'
[1.454s] Level 1:colcon.colcon_core.environment:checking '/home/hasnae/ros2_ws7/install/robotics_sim_project/bin'
[1.454s] INFO:colcon.colcon_core.shell:Creating package script '/home/hasnae/ros2_ws7/install/robotics_sim_project/share/robotics_sim_project/package.ps1'
[1.455s] INFO:colcon.colcon_core.shell:Creating package descriptor '/home/hasnae/ros2_ws7/install/robotics_sim_project/share/robotics_sim_project/package.dsv'
[1.456s] INFO:colcon.colcon_core.shell:Creating package script '/home/hasnae/ros2_ws7/install/robotics_sim_project/share/robotics_sim_project/package.sh'
[1.456s] INFO:colcon.colcon_core.shell:Creating package script '/home/hasnae/ros2_ws7/install/robotics_sim_project/share/robotics_sim_project/package.bash'
[1.457s] INFO:colcon.colcon_core.shell:Creating package script '/home/hasnae/ros2_ws7/install/robotics_sim_project/share/robotics_sim_project/package.zsh'
[1.457s] Level 1:colcon.colcon_core.environment:create_file_with_runtime_dependencies(/home/hasnae/ros2_ws7/install/robotics_sim_project/share/colcon-core/packages/robotics_sim_project)
[1.458s] DEBUG:colcon.colcon_parallel_executor.executor.parallel:closing loop
[1.458s] DEBUG:colcon.colcon_parallel_executor.executor.parallel:loop closed
[1.459s] DEBUG:colcon.colcon_parallel_executor.executor.parallel:run_until_complete finished with '0'
[1.459s] DEBUG:colcon.colcon_core.event_reactor:joining thread
[1.474s] INFO:colcon.colcon_core.plugin_system:Skipping extension 'colcon_notification.desktop_notification.terminal_notifier': Not used on non-Darwin systems
[1.474s] INFO:colcon.colcon_core.plugin_system:Skipping extension 'colcon_notification.desktop_notification.win32': Not used on non-Windows systems
[1.474s] INFO:colcon.colcon_notification.desktop_notification:Sending desktop notification using 'notify2'
[1.494s] DEBUG:colcon.colcon_core.event_reactor:joined thread
[1.495s] INFO:colcon.colcon_core.shell:Creating prefix script '/home/hasnae/ros2_ws7/install/local_setup.ps1'
[1.497s] INFO:colcon.colcon_core.shell:Creating prefix util module '/home/hasnae/ros2_ws7/install/_local_setup_util_ps1.py'
[1.500s] INFO:colcon.colcon_core.shell:Creating prefix chain script '/home/hasnae/ros2_ws7/install/setup.ps1'
[1.503s] INFO:colcon.colcon_core.shell:Creating prefix script '/home/hasnae/ros2_ws7/install/local_setup.sh'
[1.504s] INFO:colcon.colcon_core.shell:Creating prefix util module '/home/hasnae/ros2_ws7/install/_local_setup_util_sh.py'
[1.505s] INFO:colcon.colcon_core.shell:Creating prefix chain script '/home/hasnae/ros2_ws7/install/setup.sh'
[1.507s] INFO:colcon.colcon_core.shell:Creating prefix script '/home/hasnae/ros2_ws7/install/local_setup.bash'
[1.509s] INFO:colcon.colcon_core.shell:Creating prefix chain script '/home/hasnae/ros2_ws7/install/setup.bash'
[1.511s] INFO:colcon.colcon_core.shell:Creating prefix script '/home/hasnae/ros2_ws7/install/local_setup.zsh'
[1.513s] INFO:colcon.colcon_core.shell:Creating prefix chain script '/home/hasnae/ros2_ws7/install/setup.zsh'
