[0.297s] DEBUG:colcon:Command line arguments: ['/usr/bin/colcon', 'build', '--packages-select', 'robotics_sim_project']
[0.297s] DEBUG:colcon:Parsed command line arguments: Namespace(log_base=None, log_level=None, verb_name='build', build_base='build', install_base='install', merge_install=False, symlink_install=False, test_result_base=None, continue_on_error=False, executor='parallel', parallel_workers=2, event_handlers=None, ignore_user_meta=False, metas=['./colcon.meta'], base_paths=['.'], packages_ignore=None, packages_ignore_regex=None, paths=None, packages_up_to=None, packages_up_to_regex=None, packages_above=None, packages_above_and_dependencies=None, packages_above_depth=None, packages_select_by_dep=None, packages_skip_by_dep=None, packages_skip_up_to=None, packages_select_build_failed=False, packages_skip_build_finished=False, packages_select_test_failures=False, packages_skip_test_passed=False, packages_select=['robotics_sim_project'], packages_skip=None, packages_select_regex=None, packages_skip_regex=None, packages_start=None, packages_end=None, allow_overriding=[], cmake_args=None, cmake_target=None, cmake_target_skip_unavailable=False, cmake_clean_cache=False, cmake_clean_first=False, cmake_force_configure=False, ament_cmake_args=None, catkin_cmake_args=None, catkin_skip_building_tests=False, mixin_files=None, mixin=None, verb_parser=<colcon_mixin.mixin.mixin_argument.MixinArgumentDecorator object at 0x72b928481300>, verb_extension=<colcon_core.verb.build.BuildVerb object at 0x72b9284808b0>, main=<bound method BuildVerb.main of <colcon_core.verb.build.BuildVerb object at 0x72b9284808b0>>, mixin_verb=('build',))
[0.929s] Level 1:colcon.colcon_core.package_discovery:discover_packages(colcon_meta) check parameters
[0.929s] Level 1:colcon.colcon_core.package_discovery:discover_packages(recursive) check parameters
[0.929s] Level 1:colcon.colcon_core.package_discovery:discover_packages(ignore) check parameters
[0.929s] Level 1:colcon.colcon_core.package_discovery:discover_packages(path) check parameters
[0.929s] Level 1:colcon.colcon_core.package_discovery:discover_packages(colcon_meta) discover
[0.929s] Level 1:colcon.colcon_core.package_discovery:discover_packages(recursive) discover
[0.929s] INFO:colcon.colcon_core.package_discovery:Crawling recursively for packages in '/home/hasnae/ros2_ws7'
[0.929s] Level 1:colcon.colcon_core.package_identification:_identify(.) by extensions ['ignore', 'ignore_ament_install']
[0.929s] Level 1:colcon.colcon_core.package_identification:_identify(.) by extension 'ignore'
[0.929s] Level 1:colcon.colcon_core.package_identification:_identify(.) by extension 'ignore_ament_install'
[0.929s] Level 1:colcon.colcon_core.package_identification:_identify(.) by extensions ['colcon_pkg']
[0.929s] Level 1:colcon.colcon_core.package_identification:_identify(.) by extension 'colcon_pkg'
[0.929s] Level 1:colcon.colcon_core.package_identification:_identify(.) by extensions ['colcon_meta']
[0.929s] Level 1:colcon.colcon_core.package_identification:_identify(.) by extension 'colcon_meta'
[0.929s] Level 1:colcon.colcon_core.package_identification:_identify(.) by extensions ['ros']
[0.929s] Level 1:colcon.colcon_core.package_identification:_identify(.) by extension 'ros'
[0.946s] Level 1:colcon.colcon_core.package_identification:_identify(.) by extensions ['cmake', 'python']
[0.946s] Level 1:colcon.colcon_core.package_identification:_identify(.) by extension 'cmake'
[0.946s] Level 1:colcon.colcon_core.package_identification:_identify(.) by extension 'python'
[0.946s] Level 1:colcon.colcon_core.package_identification:_identify(.) by extensions ['python_setup_py']
[0.946s] Level 1:colcon.colcon_core.package_identification:_identify(.) by extension 'python_setup_py'
[0.947s] Level 1:colcon.colcon_core.package_identification:_identify(build) by extensions ['ignore', 'ignore_ament_install']
[0.948s] Level 1:colcon.colcon_core.package_identification:_identify(build) by extension 'ignore'
[0.948s] Level 1:colcon.colcon_core.package_identification:_identify(build) ignored
[0.948s] Level 1:colcon.colcon_core.package_identification:_identify(install) by extensions ['ignore', 'ignore_ament_install']
[0.948s] Level 1:colcon.colcon_core.package_identification:_identify(install) by extension 'ignore'
[0.948s] Level 1:colcon.colcon_core.package_identification:_identify(install) ignored
[0.948s] Level 1:colcon.colcon_core.package_identification:_identify(log) by extensions ['ignore', 'ignore_ament_install']
[0.948s] Level 1:colcon.colcon_core.package_identification:_identify(log) by extension 'ignore'
[0.948s] Level 1:colcon.colcon_core.package_identification:_identify(log) ignored
[0.948s] Level 1:colcon.colcon_core.package_identification:_identify(src) by extensions ['ignore', 'ignore_ament_install']
[0.948s] Level 1:colcon.colcon_core.package_identification:_identify(src) by extension 'ignore'
[0.948s] Level 1:colcon.colcon_core.package_identification:_identify(src) by extension 'ignore_ament_install'
[0.948s] Level 1:colcon.colcon_core.package_identification:_identify(src) by extensions ['colcon_pkg']
[0.948s] Level 1:colcon.colcon_core.package_identification:_identify(src) by extension 'colcon_pkg'
[0.948s] Level 1:colcon.colcon_core.package_identification:_identify(src) by extensions ['colcon_meta']
[0.949s] Level 1:colcon.colcon_core.package_identification:_identify(src) by extension 'colcon_meta'
[0.949s] Level 1:colcon.colcon_core.package_identification:_identify(src) by extensions ['ros']
[0.949s] Level 1:colcon.colcon_core.package_identification:_identify(src) by extension 'ros'
[0.949s] Level 1:colcon.colcon_core.package_identification:_identify(src) by extensions ['cmake', 'python']
[0.949s] Level 1:colcon.colcon_core.package_identification:_identify(src) by extension 'cmake'
[0.949s] Level 1:colcon.colcon_core.package_identification:_identify(src) by extension 'python'
[0.949s] Level 1:colcon.colcon_core.package_identification:_identify(src) by extensions ['python_setup_py']
[0.949s] Level 1:colcon.colcon_core.package_identification:_identify(src) by extension 'python_setup_py'
[0.949s] Level 1:colcon.colcon_core.package_identification:_identify(src/robotics_sim_project) by extensions ['ignore', 'ignore_ament_install']
[0.949s] Level 1:colcon.colcon_core.package_identification:_identify(src/robotics_sim_project) by extension 'ignore'
[0.949s] Level 1:colcon.colcon_core.package_identification:_identify(src/robotics_sim_project) by extension 'ignore_ament_install'
[0.949s] Level 1:colcon.colcon_core.package_identification:_identify(src/robotics_sim_project) by extensions ['colcon_pkg']
[0.949s] Level 1:colcon.colcon_core.package_identification:_identify(src/robotics_sim_project) by extension 'colcon_pkg'
[0.949s] Level 1:colcon.colcon_core.package_identification:_identify(src/robotics_sim_project) by extensions ['colcon_meta']
[0.949s] Level 1:colcon.colcon_core.package_identification:_identify(src/robotics_sim_project) by extension 'colcon_meta'
[0.949s] Level 1:colcon.colcon_core.package_identification:_identify(src/robotics_sim_project) by extensions ['ros']
[0.949s] Level 1:colcon.colcon_core.package_identification:_identify(src/robotics_sim_project) by extension 'ros'
[0.957s] DEBUG:colcon.colcon_core.package_identification:Package 'src/robotics_sim_project' with type 'ros.ament_cmake' and name 'robotics_sim_project'
[0.957s] Level 1:colcon.colcon_core.package_discovery:discover_packages(recursive) using defaults
[0.957s] Level 1:colcon.colcon_core.package_discovery:discover_packages(ignore) discover
[0.957s] Level 1:colcon.colcon_core.package_discovery:discover_packages(ignore) using defaults
[0.957s] Level 1:colcon.colcon_core.package_discovery:discover_packages(path) discover
[0.957s] Level 1:colcon.colcon_core.package_discovery:discover_packages(path) using defaults
[1.008s] Level 1:colcon.colcon_core.package_discovery:discover_packages(prefix_path) check parameters
[1.008s] Level 1:colcon.colcon_core.package_discovery:discover_packages(prefix_path) discover
[1.020s] DEBUG:colcon.colcon_installed_package_information.package_discovery:Found 2 installed packages in /home/hasnae/ros2_ws6/install
[1.020s] DEBUG:colcon.colcon_installed_package_information.package_discovery:Found 4 installed packages in /home/hasnae/ros2_ws3/install
[1.021s] DEBUG:colcon.colcon_installed_package_information.package_discovery:Found 1 installed packages in /home/hasnae/ros2_ws/install
[1.021s] DEBUG:colcon.colcon_installed_package_information.package_discovery:Found 1 installed packages in /home/hasnae/ros2_ws1/install
[1.023s] DEBUG:colcon.colcon_installed_package_information.package_discovery:Found 460 installed packages in /opt/ros/humble
[1.025s] Level 1:colcon.colcon_core.package_discovery:discover_packages(prefix_path) using defaults
[1.091s] Level 5:colcon.colcon_core.verb:set package 'robotics_sim_project' build argument 'cmake_args' from command line to 'None'
[1.091s] Level 5:colcon.colcon_core.verb:set package 'robotics_sim_project' build argument 'cmake_target' from command line to 'None'
[1.091s] Level 5:colcon.colcon_core.verb:set package 'robotics_sim_project' build argument 'cmake_target_skip_unavailable' from command line to 'False'
[1.091s] Level 5:colcon.colcon_core.verb:set package 'robotics_sim_project' build argument 'cmake_clean_cache' from command line to 'False'
[1.091s] Level 5:colcon.colcon_core.verb:set package 'robotics_sim_project' build argument 'cmake_clean_first' from command line to 'False'
[1.091s] Level 5:colcon.colcon_core.verb:set package 'robotics_sim_project' build argument 'cmake_force_configure' from command line to 'False'
[1.091s] Level 5:colcon.colcon_core.verb:set package 'robotics_sim_project' build argument 'ament_cmake_args' from command line to 'None'
[1.091s] Level 5:colcon.colcon_core.verb:set package 'robotics_sim_project' build argument 'catkin_cmake_args' from command line to 'None'
[1.091s] Level 5:colcon.colcon_core.verb:set package 'robotics_sim_project' build argument 'catkin_skip_building_tests' from command line to 'False'
[1.091s] DEBUG:colcon.colcon_core.verb:Building package 'robotics_sim_project' with the following arguments: {'ament_cmake_args': None, 'build_base': '/home/hasnae/ros2_ws7/build/robotics_sim_project', 'catkin_cmake_args': None, 'catkin_skip_building_tests': False, 'cmake_args': None, 'cmake_clean_cache': False, 'cmake_clean_first': False, 'cmake_force_configure': False, 'cmake_target': None, 'cmake_target_skip_unavailable': False, 'install_base': '/home/hasnae/ros2_ws7/install/robotics_sim_project', 'merge_install': False, 'path': '/home/hasnae/ros2_ws7/src/robotics_sim_project', 'symlink_install': False, 'test_result_base': None}
[1.091s] INFO:colcon.colcon_core.executor:Executing jobs using 'parallel' executor
[1.093s] DEBUG:colcon.colcon_parallel_executor.executor.parallel:run_until_complete
[1.093s] INFO:colcon.colcon_ros.task.ament_cmake.build:Building ROS package in '/home/hasnae/ros2_ws7/src/robotics_sim_project' with build type 'ament_cmake'
[1.093s] INFO:colcon.colcon_cmake.task.cmake.build:Building CMake package in '/home/hasnae/ros2_ws7/src/robotics_sim_project'
[1.111s] INFO:colcon.colcon_core.plugin_system:Skipping extension 'colcon_core.shell.bat': Not used on non-Windows systems
[1.111s] INFO:colcon.colcon_core.shell:Skip shell extension 'powershell' for command environment: Not usable outside of PowerShell
[1.111s] DEBUG:colcon.colcon_core.shell:Skip shell extension 'dsv' for command environment
[1.129s] DEBUG:colcon.colcon_core.event_handler.log_command:Invoking command in '/home/hasnae/ros2_ws7/build/robotics_sim_project': CMAKE_PREFIX_PATH=${CMAKE_PREFIX_PATH}:/home/hasnae/ros2_ws6/install/robot_actions:/home/hasnae/ros2_ws3/install/simple_params:/home/hasnae/ros2_ws3/install/fleet_manager:/home/hasnae/ros2_ws1/install/service_practice:/home/hasnae/ros2_ws/install/my_first_package:/opt/ros/humble /usr/bin/cmake --build /home/hasnae/ros2_ws7/build/robotics_sim_project -- -j2 -l2
[1.257s] DEBUG:colcon.colcon_core.event_handler.log_command:Invoked command in '/home/hasnae/ros2_ws7/build/robotics_sim_project' returned '0': CMAKE_PREFIX_PATH=${CMAKE_PREFIX_PATH}:/home/hasnae/ros2_ws6/install/robot_actions:/home/hasnae/ros2_ws3/install/simple_params:/home/hasnae/ros2_ws3/install/fleet_manager:/home/hasnae/ros2_ws1/install/service_practice:/home/hasnae/ros2_ws/install/my_first_package:/opt/ros/humble /usr/bin/cmake --build /home/hasnae/ros2_ws7/build/robotics_sim_project -- -j2 -l2
[1.279s] DEBUG:colcon.colcon_core.event_handler.log_command:Invoking command in '/home/hasnae/ros2_ws7/build/robotics_sim_project': CMAKE_PREFIX_PATH=${CMAKE_PREFIX_PATH}:/home/hasnae/ros2_ws6/install/robot_actions:/home/hasnae/ros2_ws3/install/simple_params:/home/hasnae/ros2_ws3/install/fleet_manager:/home/hasnae/ros2_ws1/install/service_practice:/home/hasnae/ros2_ws/install/my_first_package:/opt/ros/humble /usr/bin/cmake --install /home/hasnae/ros2_ws7/build/robotics_sim_project
[1.302s] Level 1:colcon.colcon_core.environment:create_environment_scripts_only(robotics_sim_project)
[1.303s] DEBUG:colcon.colcon_core.event_handler.log_command:Invoked command in '/home/hasnae/ros2_ws7/build/robotics_sim_project' returned '0': CMAKE_PREFIX_PATH=${CMAKE_PREFIX_PATH}:/home/hasnae/ros2_ws6/install/robot_actions:/home/hasnae/ros2_ws3/install/simple_params:/home/hasnae/ros2_ws3/install/fleet_manager:/home/hasnae/ros2_ws1/install/service_practice:/home/hasnae/ros2_ws/install/my_first_package:/opt/ros/humble /usr/bin/cmake --install /home/hasnae/ros2_ws7/build/robotics_sim_project
[1.315s] Level 1:colcon.colcon_core.environment:checking '/home/hasnae/ros2_ws7/install/robotics_sim_project' for CMake module files
[1.316s] Level 1:colcon.colcon_core.environment:checking '/home/hasnae/ros2_ws7/install/robotics_sim_project' for CMake config files
[1.320s] Level 1:colcon.colcon_core.shell:create_environment_hook('robotics_sim_project', 'cmake_prefix_path')
[1.321s] INFO:colcon.colcon_core.shell:Creating environment hook '/home/hasnae/ros2_ws7/install/robotics_sim_project/share/robotics_sim_project/hook/cmake_prefix_path.ps1'
[1.323s] INFO:colcon.colcon_core.shell:Creating environment descriptor '/home/hasnae/ros2_ws7/install/robotics_sim_project/share/robotics_sim_project/hook/cmake_prefix_path.dsv'
[1.324s] INFO:colcon.colcon_core.shell:Creating environment hook '/home/hasnae/ros2_ws7/install/robotics_sim_project/share/robotics_sim_project/hook/cmake_prefix_path.sh'
[1.325s] Level 1:colcon.colcon_core.environment:checking '/home/hasnae/ros2_ws7/install/robotics_sim_project/bin'
[1.326s] Level 1:colcon.colcon_core.environment:checking '/home/hasnae/ros2_ws7/install/robotics_sim_project/lib/pkgconfig/robotics_sim_project.pc'
[1.326s] Level 1:colcon.colcon_core.environment:checking '/home/hasnae/ros2_ws7/install/robotics_sim_project/lib/python3.10/site-packages'
[1.326s] Level 1:colcon.colcon_core.environment:checking '/home/hasnae/ros2_ws7/install/robotics_sim_project/bin'
[1.327s] INFO:colcon.colcon_core.shell:Creating package script '/home/hasnae/ros2_ws7/install/robotics_sim_project/share/robotics_sim_project/package.ps1'
[1.328s] INFO:colcon.colcon_core.shell:Creating package descriptor '/home/hasnae/ros2_ws7/install/robotics_sim_project/share/robotics_sim_project/package.dsv'
[1.330s] INFO:colcon.colcon_core.shell:Creating package script '/home/hasnae/ros2_ws7/install/robotics_sim_project/share/robotics_sim_project/package.sh'
[1.331s] INFO:colcon.colcon_core.shell:Creating package script '/home/hasnae/ros2_ws7/install/robotics_sim_project/share/robotics_sim_project/package.bash'
[1.333s] INFO:colcon.colcon_core.shell:Creating package script '/home/hasnae/ros2_ws7/install/robotics_sim_project/share/robotics_sim_project/package.zsh'
[1.335s] Level 1:colcon.colcon_core.environment:create_file_with_runtime_dependencies(/home/hasnae/ros2_ws7/install/robotics_sim_project/share/colcon-core/packages/robotics_sim_project)
[1.336s] Level 1:colcon.colcon_core.environment:create_environment_scripts_only(robotics_sim_project)
[1.337s] Level 1:colcon.colcon_core.environment:checking '/home/hasnae/ros2_ws7/install/robotics_sim_project' for CMake module files
[1.337s] Level 1:colcon.colcon_core.environment:checking '/home/hasnae/ros2_ws7/install/robotics_sim_project' for CMake config files
[1.337s] Level 1:colcon.colcon_core.shell:create_environment_hook('robotics_sim_project', 'cmake_prefix_path')
[1.338s] INFO:colcon.colcon_core.shell:Creating environment hook '/home/hasnae/ros2_ws7/install/robotics_sim_project/share/robotics_sim_project/hook/cmake_prefix_path.ps1'
[1.338s] INFO:colcon.colcon_core.shell:Creating environment descriptor '/home/hasnae/ros2_ws7/install/robotics_sim_project/share/robotics_sim_project/hook/cmake_prefix_path.dsv'
[1.339s] INFO:colcon.colcon_core.shell:Creating environment hook '/home/hasnae/ros2_ws7/install/robotics_sim_project/share/robotics_sim_project/hook/cmake_prefix_path.sh'
[1.339s] Level 1:colcon.colcon_core.environment:checking '/home/hasnae/ros2_ws7/install/robotics_sim_project/bin'
[1.339s] Level 1:colcon.colcon_core.environment:checking '/home/hasnae/ros2_ws7/install/robotics_sim_project/lib/pkgconfig/robotics_sim_project.pc'
[1.340s] Level 1:colcon.colcon_core.environment:checking '/home/hasnae/ros2_ws7/install/robotics_sim_project/lib/python3.10/site-packages'
[1.340s] Level 1:colcon.colcon_core.environment:checking '/home/hasnae/ros2_ws7/install/robotics_sim_project/bin'
[1.340s] INFO:colcon.colcon_core.shell:Creating package script '/home/hasnae/ros2_ws7/install/robotics_sim_project/share/robotics_sim_project/package.ps1'
[1.341s] INFO:colcon.colcon_core.shell:Creating package descriptor '/home/hasnae/ros2_ws7/install/robotics_sim_project/share/robotics_sim_project/package.dsv'
[1.341s] INFO:colcon.colcon_core.shell:Creating package script '/home/hasnae/ros2_ws7/install/robotics_sim_project/share/robotics_sim_project/package.sh'
[1.342s] INFO:colcon.colcon_core.shell:Creating package script '/home/hasnae/ros2_ws7/install/robotics_sim_project/share/robotics_sim_project/package.bash'
[1.342s] INFO:colcon.colcon_core.shell:Creating package script '/home/hasnae/ros2_ws7/install/robotics_sim_project/share/robotics_sim_project/package.zsh'
[1.343s] Level 1:colcon.colcon_core.environment:create_file_with_runtime_dependencies(/home/hasnae/ros2_ws7/install/robotics_sim_project/share/colcon-core/packages/robotics_sim_project)
[1.344s] DEBUG:colcon.colcon_parallel_executor.executor.parallel:closing loop
[1.344s] DEBUG:colcon.colcon_parallel_executor.executor.parallel:loop closed
[1.344s] DEBUG:colcon.colcon_parallel_executor.executor.parallel:run_until_complete finished with '0'
[1.344s] DEBUG:colcon.colcon_core.event_reactor:joining thread
[1.359s] INFO:colcon.colcon_core.plugin_system:Skipping extension 'colcon_notification.desktop_notification.terminal_notifier': Not used on non-Darwin systems
[1.359s] INFO:colcon.colcon_core.plugin_system:Skipping extension 'colcon_notification.desktop_notification.win32': Not used on non-Windows systems
[1.359s] INFO:colcon.colcon_notification.desktop_notification:Sending desktop notification using 'notify2'
[1.405s] DEBUG:colcon.colcon_core.event_reactor:joined thread
[1.406s] INFO:colcon.colcon_core.shell:Creating prefix script '/home/hasnae/ros2_ws7/install/local_setup.ps1'
[1.408s] INFO:colcon.colcon_core.shell:Creating prefix util module '/home/hasnae/ros2_ws7/install/_local_setup_util_ps1.py'
[1.411s] INFO:colcon.colcon_core.shell:Creating prefix chain script '/home/hasnae/ros2_ws7/install/setup.ps1'
[1.415s] INFO:colcon.colcon_core.shell:Creating prefix script '/home/hasnae/ros2_ws7/install/local_setup.sh'
[1.417s] INFO:colcon.colcon_core.shell:Creating prefix util module '/home/hasnae/ros2_ws7/install/_local_setup_util_sh.py'
[1.418s] INFO:colcon.colcon_core.shell:Creating prefix chain script '/home/hasnae/ros2_ws7/install/setup.sh'
[1.420s] INFO:colcon.colcon_core.shell:Creating prefix script '/home/hasnae/ros2_ws7/install/local_setup.bash'
[1.421s] INFO:colcon.colcon_core.shell:Creating prefix chain script '/home/hasnae/ros2_ws7/install/setup.bash'
[1.423s] INFO:colcon.colcon_core.shell:Creating prefix script '/home/hasnae/ros2_ws7/install/local_setup.zsh'
[1.425s] INFO:colcon.colcon_core.shell:Creating prefix chain script '/home/hasnae/ros2_ws7/install/setup.zsh'
