[0.180s] DEBUG:colcon:Command line arguments: ['/usr/bin/colcon', 'build', '--packages-select', 'robotics_sim_project']
[0.180s] DEBUG:colcon:Parsed command line arguments: Namespace(log_base=None, log_level=None, verb_name='build', build_base='build', install_base='install', merge_install=False, symlink_install=False, test_result_base=None, continue_on_error=False, executor='parallel', parallel_workers=2, event_handlers=None, ignore_user_meta=False, metas=['./colcon.meta'], base_paths=['.'], packages_ignore=None, packages_ignore_regex=None, paths=None, packages_up_to=None, packages_up_to_regex=None, packages_above=None, packages_above_and_dependencies=None, packages_above_depth=None, packages_select_by_dep=None, packages_skip_by_dep=None, packages_skip_up_to=None, packages_select_build_failed=False, packages_skip_build_finished=False, packages_select_test_failures=False, packages_skip_test_passed=False, packages_select=['robotics_sim_project'], packages_skip=None, packages_select_regex=None, packages_skip_regex=None, packages_start=None, packages_end=None, allow_overriding=[], cmake_args=None, cmake_target=None, cmake_target_skip_unavailable=False, cmake_clean_cache=False, cmake_clean_first=False, cmake_force_configure=False, ament_cmake_args=None, catkin_cmake_args=None, catkin_skip_building_tests=False, mixin_files=None, mixin=None, verb_parser=<colcon_mixin.mixin.mixin_argument.MixinArgumentDecorator object at 0x74be77c8d2d0>, verb_extension=<colcon_core.verb.build.BuildVerb object at 0x74be77c8c880>, main=<bound method BuildVerb.main of <colcon_core.verb.build.BuildVerb object at 0x74be77c8c880>>, mixin_verb=('build',))
[0.433s] Level 1:colcon.colcon_core.package_discovery:discover_packages(colcon_meta) check parameters
[0.433s] Level 1:colcon.colcon_core.package_discovery:discover_packages(recursive) check parameters
[0.433s] Level 1:colcon.colcon_core.package_discovery:discover_packages(ignore) check parameters
[0.433s] Level 1:colcon.colcon_core.package_discovery:discover_packages(path) check parameters
[0.433s] Level 1:colcon.colcon_core.package_discovery:discover_packages(colcon_meta) discover
[0.433s] Level 1:colcon.colcon_core.package_discovery:discover_packages(recursive) discover
[0.433s] INFO:colcon.colcon_core.package_discovery:Crawling recursively for packages in '/home/hasnae/ros2_ws7'
[0.433s] Level 1:colcon.colcon_core.package_identification:_identify(.) by extensions ['ignore', 'ignore_ament_install']
[0.433s] Level 1:colcon.colcon_core.package_identification:_identify(.) by extension 'ignore'
[0.433s] Level 1:colcon.colcon_core.package_identification:_identify(.) by extension 'ignore_ament_install'
[0.433s] Level 1:colcon.colcon_core.package_identification:_identify(.) by extensions ['colcon_pkg']
[0.433s] Level 1:colcon.colcon_core.package_identification:_identify(.) by extension 'colcon_pkg'
[0.433s] Level 1:colcon.colcon_core.package_identification:_identify(.) by extensions ['colcon_meta']
[0.434s] Level 1:colcon.colcon_core.package_identification:_identify(.) by extension 'colcon_meta'
[0.434s] Level 1:colcon.colcon_core.package_identification:_identify(.) by extensions ['ros']
[0.434s] Level 1:colcon.colcon_core.package_identification:_identify(.) by extension 'ros'
[0.451s] Level 1:colcon.colcon_core.package_identification:_identify(.) by extensions ['cmake', 'python']
[0.451s] Level 1:colcon.colcon_core.package_identification:_identify(.) by extension 'cmake'
[0.451s] Level 1:colcon.colcon_core.package_identification:_identify(.) by extension 'python'
[0.451s] Level 1:colcon.colcon_core.package_identification:_identify(.) by extensions ['python_setup_py']
[0.451s] Level 1:colcon.colcon_core.package_identification:_identify(.) by extension 'python_setup_py'
[0.452s] Level 1:colcon.colcon_core.package_identification:_identify(build) by extensions ['ignore', 'ignore_ament_install']
[0.452s] Level 1:colcon.colcon_core.package_identification:_identify(build) by extension 'ignore'
[0.452s] Level 1:colcon.colcon_core.package_identification:_identify(build) ignored
[0.452s] Level 1:colcon.colcon_core.package_identification:_identify(install) by extensions ['ignore', 'ignore_ament_install']
[0.452s] Level 1:colcon.colcon_core.package_identification:_identify(install) by extension 'ignore'
[0.452s] Level 1:colcon.colcon_core.package_identification:_identify(install) ignored
[0.452s] Level 1:colcon.colcon_core.package_identification:_identify(log) by extensions ['ignore', 'ignore_ament_install']
[0.452s] Level 1:colcon.colcon_core.package_identification:_identify(log) by extension 'ignore'
[0.452s] Level 1:colcon.colcon_core.package_identification:_identify(log) ignored
[0.452s] Level 1:colcon.colcon_core.package_identification:_identify(src) by extensions ['ignore', 'ignore_ament_install']
[0.452s] Level 1:colcon.colcon_core.package_identification:_identify(src) by extension 'ignore'
[0.453s] Level 1:colcon.colcon_core.package_identification:_identify(src) by extension 'ignore_ament_install'
[0.453s] Level 1:colcon.colcon_core.package_identification:_identify(src) by extensions ['colcon_pkg']
[0.453s] Level 1:colcon.colcon_core.package_identification:_identify(src) by extension 'colcon_pkg'
[0.453s] Level 1:colcon.colcon_core.package_identification:_identify(src) by extensions ['colcon_meta']
[0.453s] Level 1:colcon.colcon_core.package_identification:_identify(src) by extension 'colcon_meta'
[0.453s] Level 1:colcon.colcon_core.package_identification:_identify(src) by extensions ['ros']
[0.453s] Level 1:colcon.colcon_core.package_identification:_identify(src) by extension 'ros'
[0.453s] Level 1:colcon.colcon_core.package_identification:_identify(src) by extensions ['cmake', 'python']
[0.453s] Level 1:colcon.colcon_core.package_identification:_identify(src) by extension 'cmake'
[0.453s] Level 1:colcon.colcon_core.package_identification:_identify(src) by extension 'python'
[0.453s] Level 1:colcon.colcon_core.package_identification:_identify(src) by extensions ['python_setup_py']
[0.453s] Level 1:colcon.colcon_core.package_identification:_identify(src) by extension 'python_setup_py'
[0.453s] Level 1:colcon.colcon_core.package_identification:_identify(src/robotics_sim_project) by extensions ['ignore', 'ignore_ament_install']
[0.453s] Level 1:colcon.colcon_core.package_identification:_identify(src/robotics_sim_project) by extension 'ignore'
[0.453s] Level 1:colcon.colcon_core.package_identification:_identify(src/robotics_sim_project) by extension 'ignore_ament_install'
[0.454s] Level 1:colcon.colcon_core.package_identification:_identify(src/robotics_sim_project) by extensions ['colcon_pkg']
[0.454s] Level 1:colcon.colcon_core.package_identification:_identify(src/robotics_sim_project) by extension 'colcon_pkg'
[0.454s] Level 1:colcon.colcon_core.package_identification:_identify(src/robotics_sim_project) by extensions ['colcon_meta']
[0.454s] Level 1:colcon.colcon_core.package_identification:_identify(src/robotics_sim_project) by extension 'colcon_meta'
[0.454s] Level 1:colcon.colcon_core.package_identification:_identify(src/robotics_sim_project) by extensions ['ros']
[0.454s] Level 1:colcon.colcon_core.package_identification:_identify(src/robotics_sim_project) by extension 'ros'
[0.459s] DEBUG:colcon.colcon_core.package_identification:Package 'src/robotics_sim_project' with type 'ros.ament_cmake' and name 'robotics_sim_project'
[0.459s] Level 1:colcon.colcon_core.package_discovery:discover_packages(recursive) using defaults
[0.459s] Level 1:colcon.colcon_core.package_discovery:discover_packages(ignore) discover
[0.459s] Level 1:colcon.colcon_core.package_discovery:discover_packages(ignore) using defaults
[0.459s] Level 1:colcon.colcon_core.package_discovery:discover_packages(path) discover
[0.459s] Level 1:colcon.colcon_core.package_discovery:discover_packages(path) using defaults
[0.502s] Level 1:colcon.colcon_core.package_discovery:discover_packages(prefix_path) check parameters
[0.502s] Level 1:colcon.colcon_core.package_discovery:discover_packages(prefix_path) discover
[0.511s] DEBUG:colcon.colcon_installed_package_information.package_discovery:Found 2 installed packages in /home/hasnae/ros2_ws6/install
[0.512s] DEBUG:colcon.colcon_installed_package_information.package_discovery:Found 4 installed packages in /home/hasnae/ros2_ws3/install
[0.513s] DEBUG:colcon.colcon_installed_package_information.package_discovery:Found 1 installed packages in /home/hasnae/ros2_ws/install
[0.513s] DEBUG:colcon.colcon_installed_package_information.package_discovery:Found 1 installed packages in /home/hasnae/ros2_ws1/install
[0.517s] DEBUG:colcon.colcon_installed_package_information.package_discovery:Found 460 installed packages in /opt/ros/humble
[0.520s] Level 1:colcon.colcon_core.package_discovery:discover_packages(prefix_path) using defaults
[0.631s] Level 5:colcon.colcon_core.verb:set package 'robotics_sim_project' build argument 'cmake_args' from command line to 'None'
[0.631s] Level 5:colcon.colcon_core.verb:set package 'robotics_sim_project' build argument 'cmake_target' from command line to 'None'
[0.631s] Level 5:colcon.colcon_core.verb:set package 'robotics_sim_project' build argument 'cmake_target_skip_unavailable' from command line to 'False'
[0.631s] Level 5:colcon.colcon_core.verb:set package 'robotics_sim_project' build argument 'cmake_clean_cache' from command line to 'False'
[0.631s] Level 5:colcon.colcon_core.verb:set package 'robotics_sim_project' build argument 'cmake_clean_first' from command line to 'False'
[0.631s] Level 5:colcon.colcon_core.verb:set package 'robotics_sim_project' build argument 'cmake_force_configure' from command line to 'False'
[0.631s] Level 5:colcon.colcon_core.verb:set package 'robotics_sim_project' build argument 'ament_cmake_args' from command line to 'None'
[0.631s] Level 5:colcon.colcon_core.verb:set package 'robotics_sim_project' build argument 'catkin_cmake_args' from command line to 'None'
[0.631s] Level 5:colcon.colcon_core.verb:set package 'robotics_sim_project' build argument 'catkin_skip_building_tests' from command line to 'False'
[0.631s] DEBUG:colcon.colcon_core.verb:Building package 'robotics_sim_project' with the following arguments: {'ament_cmake_args': None, 'build_base': '/home/hasnae/ros2_ws7/build/robotics_sim_project', 'catkin_cmake_args': None, 'catkin_skip_building_tests': False, 'cmake_args': None, 'cmake_clean_cache': False, 'cmake_clean_first': False, 'cmake_force_configure': False, 'cmake_target': None, 'cmake_target_skip_unavailable': False, 'install_base': '/home/hasnae/ros2_ws7/install/robotics_sim_project', 'merge_install': False, 'path': '/home/hasnae/ros2_ws7/src/robotics_sim_project', 'symlink_install': False, 'test_result_base': None}
[0.631s] INFO:colcon.colcon_core.executor:Executing jobs using 'parallel' executor
[0.634s] DEBUG:colcon.colcon_parallel_executor.executor.parallel:run_until_complete
[0.634s] INFO:colcon.colcon_ros.task.ament_cmake.build:Building ROS package in '/home/hasnae/ros2_ws7/src/robotics_sim_project' with build type 'ament_cmake'
[0.634s] INFO:colcon.colcon_cmake.task.cmake.build:Building CMake package in '/home/hasnae/ros2_ws7/src/robotics_sim_project'
[0.643s] INFO:colcon.colcon_core.plugin_system:Skipping extension 'colcon_core.shell.bat': Not used on non-Windows systems
[0.643s] INFO:colcon.colcon_core.shell:Skip shell extension 'powershell' for command environment: Not usable outside of PowerShell
[0.643s] DEBUG:colcon.colcon_core.shell:Skip shell extension 'dsv' for command environment
[0.664s] DEBUG:colcon.colcon_core.event_handler.log_command:Invoking command in '/home/hasnae/ros2_ws7/build/robotics_sim_project': CMAKE_PREFIX_PATH=${CMAKE_PREFIX_PATH}:/home/hasnae/ros2_ws6/install/robot_actions:/home/hasnae/ros2_ws3/install/simple_params:/home/hasnae/ros2_ws3/install/fleet_manager:/home/hasnae/ros2_ws1/install/service_practice:/home/hasnae/ros2_ws/install/my_first_package:/opt/ros/humble /usr/bin/cmake /home/hasnae/ros2_ws7/src/robotics_sim_project -DCMAKE_INSTALL_PREFIX=/home/hasnae/ros2_ws7/install/robotics_sim_project
[2.516s] DEBUG:colcon.colcon_core.event_handler.log_command:Invoked command in '/home/hasnae/ros2_ws7/build/robotics_sim_project' returned '0': CMAKE_PREFIX_PATH=${CMAKE_PREFIX_PATH}:/home/hasnae/ros2_ws6/install/robot_actions:/home/hasnae/ros2_ws3/install/simple_params:/home/hasnae/ros2_ws3/install/fleet_manager:/home/hasnae/ros2_ws1/install/service_practice:/home/hasnae/ros2_ws/install/my_first_package:/opt/ros/humble /usr/bin/cmake /home/hasnae/ros2_ws7/src/robotics_sim_project -DCMAKE_INSTALL_PREFIX=/home/hasnae/ros2_ws7/install/robotics_sim_project
[2.522s] DEBUG:colcon.colcon_core.event_handler.log_command:Invoking command in '/home/hasnae/ros2_ws7/build/robotics_sim_project': CMAKE_PREFIX_PATH=${CMAKE_PREFIX_PATH}:/home/hasnae/ros2_ws6/install/robot_actions:/home/hasnae/ros2_ws3/install/simple_params:/home/hasnae/ros2_ws3/install/fleet_manager:/home/hasnae/ros2_ws1/install/service_practice:/home/hasnae/ros2_ws/install/my_first_package:/opt/ros/humble /usr/bin/cmake --build /home/hasnae/ros2_ws7/build/robotics_sim_project -- -j2 -l2
[2.607s] DEBUG:colcon.colcon_core.event_handler.log_command:Invoked command in '/home/hasnae/ros2_ws7/build/robotics_sim_project' returned '0': CMAKE_PREFIX_PATH=${CMAKE_PREFIX_PATH}:/home/hasnae/ros2_ws6/install/robot_actions:/home/hasnae/ros2_ws3/install/simple_params:/home/hasnae/ros2_ws3/install/fleet_manager:/home/hasnae/ros2_ws1/install/service_practice:/home/hasnae/ros2_ws/install/my_first_package:/opt/ros/humble /usr/bin/cmake --build /home/hasnae/ros2_ws7/build/robotics_sim_project -- -j2 -l2
[2.627s] DEBUG:colcon.colcon_core.event_handler.log_command:Invoking command in '/home/hasnae/ros2_ws7/build/robotics_sim_project': CMAKE_PREFIX_PATH=${CMAKE_PREFIX_PATH}:/home/hasnae/ros2_ws6/install/robot_actions:/home/hasnae/ros2_ws3/install/simple_params:/home/hasnae/ros2_ws3/install/fleet_manager:/home/hasnae/ros2_ws1/install/service_practice:/home/hasnae/ros2_ws/install/my_first_package:/opt/ros/humble /usr/bin/cmake --install /home/hasnae/ros2_ws7/build/robotics_sim_project
[2.702s] Level 1:colcon.colcon_core.environment:create_environment_scripts_only(robotics_sim_project)
[2.711s] DEBUG:colcon.colcon_core.event_handler.log_command:Invoked command in '/home/hasnae/ros2_ws7/build/robotics_sim_project' returned '0': CMAKE_PREFIX_PATH=${CMAKE_PREFIX_PATH}:/home/hasnae/ros2_ws6/install/robot_actions:/home/hasnae/ros2_ws3/install/simple_params:/home/hasnae/ros2_ws3/install/fleet_manager:/home/hasnae/ros2_ws1/install/service_practice:/home/hasnae/ros2_ws/install/my_first_package:/opt/ros/humble /usr/bin/cmake --install /home/hasnae/ros2_ws7/build/robotics_sim_project
[2.721s] Level 1:colcon.colcon_core.environment:checking '/home/hasnae/ros2_ws7/install/robotics_sim_project' for CMake module files
[2.722s] Level 1:colcon.colcon_core.environment:checking '/home/hasnae/ros2_ws7/install/robotics_sim_project' for CMake config files
[2.722s] Level 1:colcon.colcon_core.shell:create_environment_hook('robotics_sim_project', 'cmake_prefix_path')
[2.723s] INFO:colcon.colcon_core.shell:Creating environment hook '/home/hasnae/ros2_ws7/install/robotics_sim_project/share/robotics_sim_project/hook/cmake_prefix_path.ps1'
[2.724s] INFO:colcon.colcon_core.shell:Creating environment descriptor '/home/hasnae/ros2_ws7/install/robotics_sim_project/share/robotics_sim_project/hook/cmake_prefix_path.dsv'
[2.725s] INFO:colcon.colcon_core.shell:Creating environment hook '/home/hasnae/ros2_ws7/install/robotics_sim_project/share/robotics_sim_project/hook/cmake_prefix_path.sh'
[2.727s] Level 1:colcon.colcon_core.environment:checking '/home/hasnae/ros2_ws7/install/robotics_sim_project/bin'
[2.727s] Level 1:colcon.colcon_core.environment:checking '/home/hasnae/ros2_ws7/install/robotics_sim_project/lib/pkgconfig/robotics_sim_project.pc'
[2.728s] Level 1:colcon.colcon_core.environment:checking '/home/hasnae/ros2_ws7/install/robotics_sim_project/lib/python3.10/site-packages'
[2.728s] Level 1:colcon.colcon_core.environment:checking '/home/hasnae/ros2_ws7/install/robotics_sim_project/bin'
[2.729s] INFO:colcon.colcon_core.shell:Creating package script '/home/hasnae/ros2_ws7/install/robotics_sim_project/share/robotics_sim_project/package.ps1'
[2.731s] INFO:colcon.colcon_core.shell:Creating package descriptor '/home/hasnae/ros2_ws7/install/robotics_sim_project/share/robotics_sim_project/package.dsv'
[2.733s] INFO:colcon.colcon_core.shell:Creating package script '/home/hasnae/ros2_ws7/install/robotics_sim_project/share/robotics_sim_project/package.sh'
[2.735s] INFO:colcon.colcon_core.shell:Creating package script '/home/hasnae/ros2_ws7/install/robotics_sim_project/share/robotics_sim_project/package.bash'
[2.737s] INFO:colcon.colcon_core.shell:Creating package script '/home/hasnae/ros2_ws7/install/robotics_sim_project/share/robotics_sim_project/package.zsh'
[2.740s] Level 1:colcon.colcon_core.environment:create_file_with_runtime_dependencies(/home/hasnae/ros2_ws7/install/robotics_sim_project/share/colcon-core/packages/robotics_sim_project)
[2.744s] Level 1:colcon.colcon_core.environment:create_environment_scripts_only(robotics_sim_project)
[2.745s] Level 1:colcon.colcon_core.environment:checking '/home/hasnae/ros2_ws7/install/robotics_sim_project' for CMake module files
[2.746s] Level 1:colcon.colcon_core.environment:checking '/home/hasnae/ros2_ws7/install/robotics_sim_project' for CMake config files
[2.746s] Level 1:colcon.colcon_core.shell:create_environment_hook('robotics_sim_project', 'cmake_prefix_path')
[2.747s] INFO:colcon.colcon_core.shell:Creating environment hook '/home/hasnae/ros2_ws7/install/robotics_sim_project/share/robotics_sim_project/hook/cmake_prefix_path.ps1'
[2.748s] INFO:colcon.colcon_core.shell:Creating environment descriptor '/home/hasnae/ros2_ws7/install/robotics_sim_project/share/robotics_sim_project/hook/cmake_prefix_path.dsv'
[2.748s] INFO:colcon.colcon_core.shell:Creating environment hook '/home/hasnae/ros2_ws7/install/robotics_sim_project/share/robotics_sim_project/hook/cmake_prefix_path.sh'
[2.749s] Level 1:colcon.colcon_core.environment:checking '/home/hasnae/ros2_ws7/install/robotics_sim_project/bin'
[2.749s] Level 1:colcon.colcon_core.environment:checking '/home/hasnae/ros2_ws7/install/robotics_sim_project/lib/pkgconfig/robotics_sim_project.pc'
[2.750s] Level 1:colcon.colcon_core.environment:checking '/home/hasnae/ros2_ws7/install/robotics_sim_project/lib/python3.10/site-packages'
[2.750s] Level 1:colcon.colcon_core.environment:checking '/home/hasnae/ros2_ws7/install/robotics_sim_project/bin'
[2.750s] INFO:colcon.colcon_core.shell:Creating package script '/home/hasnae/ros2_ws7/install/robotics_sim_project/share/robotics_sim_project/package.ps1'
[2.751s] INFO:colcon.colcon_core.shell:Creating package descriptor '/home/hasnae/ros2_ws7/install/robotics_sim_project/share/robotics_sim_project/package.dsv'
[2.752s] INFO:colcon.colcon_core.shell:Creating package script '/home/hasnae/ros2_ws7/install/robotics_sim_project/share/robotics_sim_project/package.sh'
[2.752s] INFO:colcon.colcon_core.shell:Creating package script '/home/hasnae/ros2_ws7/install/robotics_sim_project/share/robotics_sim_project/package.bash'
[2.753s] INFO:colcon.colcon_core.shell:Creating package script '/home/hasnae/ros2_ws7/install/robotics_sim_project/share/robotics_sim_project/package.zsh'
[2.754s] Level 1:colcon.colcon_core.environment:create_file_with_runtime_dependencies(/home/hasnae/ros2_ws7/install/robotics_sim_project/share/colcon-core/packages/robotics_sim_project)
[2.754s] DEBUG:colcon.colcon_parallel_executor.executor.parallel:closing loop
[2.755s] DEBUG:colcon.colcon_parallel_executor.executor.parallel:loop closed
[2.755s] DEBUG:colcon.colcon_parallel_executor.executor.parallel:run_until_complete finished with '0'
[2.755s] DEBUG:colcon.colcon_core.event_reactor:joining thread
[2.773s] INFO:colcon.colcon_core.plugin_system:Skipping extension 'colcon_notification.desktop_notification.terminal_notifier': Not used on non-Darwin systems
[2.774s] INFO:colcon.colcon_core.plugin_system:Skipping extension 'colcon_notification.desktop_notification.win32': Not used on non-Windows systems
[2.774s] INFO:colcon.colcon_notification.desktop_notification:Sending desktop notification using 'notify2'
[2.856s] DEBUG:colcon.colcon_core.event_reactor:joined thread
[2.856s] INFO:colcon.colcon_core.shell:Creating prefix script '/home/hasnae/ros2_ws7/install/local_setup.ps1'
[2.858s] INFO:colcon.colcon_core.shell:Creating prefix util module '/home/hasnae/ros2_ws7/install/_local_setup_util_ps1.py'
[2.861s] INFO:colcon.colcon_core.shell:Creating prefix chain script '/home/hasnae/ros2_ws7/install/setup.ps1'
[2.864s] INFO:colcon.colcon_core.shell:Creating prefix script '/home/hasnae/ros2_ws7/install/local_setup.sh'
[2.866s] INFO:colcon.colcon_core.shell:Creating prefix util module '/home/hasnae/ros2_ws7/install/_local_setup_util_sh.py'
[2.867s] INFO:colcon.colcon_core.shell:Creating prefix chain script '/home/hasnae/ros2_ws7/install/setup.sh'
[2.873s] INFO:colcon.colcon_core.shell:Creating prefix script '/home/hasnae/ros2_ws7/install/local_setup.bash'
[2.875s] INFO:colcon.colcon_core.shell:Creating prefix chain script '/home/hasnae/ros2_ws7/install/setup.bash'
[2.879s] INFO:colcon.colcon_core.shell:Creating prefix script '/home/hasnae/ros2_ws7/install/local_setup.zsh'
[2.881s] INFO:colcon.colcon_core.shell:Creating prefix chain script '/home/hasnae/ros2_ws7/install/setup.zsh'
