[0.621s] DEBUG:colcon:Command line arguments: ['/usr/bin/colcon', 'build', '--packages-select', 'robotics_sim_project']
[0.621s] DEBUG:colcon:Parsed command line arguments: Namespace(log_base=None, log_level=None, verb_name='build', build_base='build', install_base='install', merge_install=False, symlink_install=False, test_result_base=None, continue_on_error=False, executor='parallel', parallel_workers=2, event_handlers=None, ignore_user_meta=False, metas=['./colcon.meta'], base_paths=['.'], packages_ignore=None, packages_ignore_regex=None, paths=None, packages_up_to=None, packages_up_to_regex=None, packages_above=None, packages_above_and_dependencies=None, packages_above_depth=None, packages_select_by_dep=None, packages_skip_by_dep=None, packages_skip_up_to=None, packages_select_build_failed=False, packages_skip_build_finished=False, packages_select_test_failures=False, packages_skip_test_passed=False, packages_select=['robotics_sim_project'], packages_skip=None, packages_select_regex=None, packages_skip_regex=None, packages_start=None, packages_end=None, allow_overriding=[], cmake_args=None, cmake_target=None, cmake_target_skip_unavailable=False, cmake_clean_cache=False, cmake_clean_first=False, cmake_force_configure=False, ament_cmake_args=None, catkin_cmake_args=None, catkin_skip_building_tests=False, mixin_files=None, mixin=None, verb_parser=<colcon_mixin.mixin.mixin_argument.MixinArgumentDecorator object at 0x7035252812d0>, verb_extension=<colcon_core.verb.build.BuildVerb object at 0x703525280880>, main=<bound method BuildVerb.main of <colcon_core.verb.build.BuildVerb object at 0x703525280880>>, mixin_verb=('build',))
[1.316s] Level 1:colcon.colcon_core.package_discovery:discover_packages(colcon_meta) check parameters
[1.317s] Level 1:colcon.colcon_core.package_discovery:discover_packages(recursive) check parameters
[1.317s] Level 1:colcon.colcon_core.package_discovery:discover_packages(ignore) check parameters
[1.317s] Level 1:colcon.colcon_core.package_discovery:discover_packages(path) check parameters
[1.317s] Level 1:colcon.colcon_core.package_discovery:discover_packages(colcon_meta) discover
[1.317s] Level 1:colcon.colcon_core.package_discovery:discover_packages(recursive) discover
[1.317s] INFO:colcon.colcon_core.package_discovery:Crawling recursively for packages in '/home/hasnae/ros2_ws7'
[1.317s] Level 1:colcon.colcon_core.package_identification:_identify(.) by extensions ['ignore', 'ignore_ament_install']
[1.317s] Level 1:colcon.colcon_core.package_identification:_identify(.) by extension 'ignore'
[1.317s] Level 1:colcon.colcon_core.package_identification:_identify(.) by extension 'ignore_ament_install'
[1.317s] Level 1:colcon.colcon_core.package_identification:_identify(.) by extensions ['colcon_pkg']
[1.317s] Level 1:colcon.colcon_core.package_identification:_identify(.) by extension 'colcon_pkg'
[1.317s] Level 1:colcon.colcon_core.package_identification:_identify(.) by extensions ['colcon_meta']
[1.317s] Level 1:colcon.colcon_core.package_identification:_identify(.) by extension 'colcon_meta'
[1.317s] Level 1:colcon.colcon_core.package_identification:_identify(.) by extensions ['ros']
[1.317s] Level 1:colcon.colcon_core.package_identification:_identify(.) by extension 'ros'
[1.351s] Level 1:colcon.colcon_core.package_identification:_identify(.) by extensions ['cmake', 'python']
[1.351s] Level 1:colcon.colcon_core.package_identification:_identify(.) by extension 'cmake'
[1.351s] Level 1:colcon.colcon_core.package_identification:_identify(.) by extension 'python'
[1.351s] Level 1:colcon.colcon_core.package_identification:_identify(.) by extensions ['python_setup_py']
[1.351s] Level 1:colcon.colcon_core.package_identification:_identify(.) by extension 'python_setup_py'
[1.352s] Level 1:colcon.colcon_core.package_identification:_identify(build) by extensions ['ignore', 'ignore_ament_install']
[1.352s] Level 1:colcon.colcon_core.package_identification:_identify(build) by extension 'ignore'
[1.352s] Level 1:colcon.colcon_core.package_identification:_identify(build) ignored
[1.353s] Level 1:colcon.colcon_core.package_identification:_identify(install) by extensions ['ignore', 'ignore_ament_install']
[1.354s] Level 1:colcon.colcon_core.package_identification:_identify(install) by extension 'ignore'
[1.354s] Level 1:colcon.colcon_core.package_identification:_identify(install) ignored
[1.354s] Level 1:colcon.colcon_core.package_identification:_identify(log) by extensions ['ignore', 'ignore_ament_install']
[1.354s] Level 1:colcon.colcon_core.package_identification:_identify(log) by extension 'ignore'
[1.354s] Level 1:colcon.colcon_core.package_identification:_identify(log) ignored
[1.355s] Level 1:colcon.colcon_core.package_identification:_identify(src) by extensions ['ignore', 'ignore_ament_install']
[1.355s] Level 1:colcon.colcon_core.package_identification:_identify(src) by extension 'ignore'
[1.355s] Level 1:colcon.colcon_core.package_identification:_identify(src) by extension 'ignore_ament_install'
[1.355s] Level 1:colcon.colcon_core.package_identification:_identify(src) by extensions ['colcon_pkg']
[1.355s] Level 1:colcon.colcon_core.package_identification:_identify(src) by extension 'colcon_pkg'
[1.355s] Level 1:colcon.colcon_core.package_identification:_identify(src) by extensions ['colcon_meta']
[1.355s] Level 1:colcon.colcon_core.package_identification:_identify(src) by extension 'colcon_meta'
[1.355s] Level 1:colcon.colcon_core.package_identification:_identify(src) by extensions ['ros']
[1.355s] Level 1:colcon.colcon_core.package_identification:_identify(src) by extension 'ros'
[1.355s] Level 1:colcon.colcon_core.package_identification:_identify(src) by extensions ['cmake', 'python']
[1.355s] Level 1:colcon.colcon_core.package_identification:_identify(src) by extension 'cmake'
[1.355s] Level 1:colcon.colcon_core.package_identification:_identify(src) by extension 'python'
[1.356s] Level 1:colcon.colcon_core.package_identification:_identify(src) by extensions ['python_setup_py']
[1.356s] Level 1:colcon.colcon_core.package_identification:_identify(src) by extension 'python_setup_py'
[1.356s] Level 1:colcon.colcon_core.package_identification:_identify(src/robotics_sim_project) by extensions ['ignore', 'ignore_ament_install']
[1.357s] Level 1:colcon.colcon_core.package_identification:_identify(src/robotics_sim_project) by extension 'ignore'
[1.357s] Level 1:colcon.colcon_core.package_identification:_identify(src/robotics_sim_project) by extension 'ignore_ament_install'
[1.357s] Level 1:colcon.colcon_core.package_identification:_identify(src/robotics_sim_project) by extensions ['colcon_pkg']
[1.357s] Level 1:colcon.colcon_core.package_identification:_identify(src/robotics_sim_project) by extension 'colcon_pkg'
[1.357s] Level 1:colcon.colcon_core.package_identification:_identify(src/robotics_sim_project) by extensions ['colcon_meta']
[1.357s] Level 1:colcon.colcon_core.package_identification:_identify(src/robotics_sim_project) by extension 'colcon_meta'
[1.357s] Level 1:colcon.colcon_core.package_identification:_identify(src/robotics_sim_project) by extensions ['ros']
[1.357s] Level 1:colcon.colcon_core.package_identification:_identify(src/robotics_sim_project) by extension 'ros'
[1.365s] DEBUG:colcon.colcon_core.package_identification:Package 'src/robotics_sim_project' with type 'ros.ament_cmake' and name 'robotics_sim_project'
[1.365s] Level 1:colcon.colcon_core.package_discovery:discover_packages(recursive) using defaults
[1.366s] Level 1:colcon.colcon_core.package_discovery:discover_packages(ignore) discover
[1.366s] Level 1:colcon.colcon_core.package_discovery:discover_packages(ignore) using defaults
[1.366s] Level 1:colcon.colcon_core.package_discovery:discover_packages(path) discover
[1.366s] Level 1:colcon.colcon_core.package_discovery:discover_packages(path) using defaults
[1.444s] Level 1:colcon.colcon_core.package_discovery:discover_packages(prefix_path) check parameters
[1.444s] Level 1:colcon.colcon_core.package_discovery:discover_packages(prefix_path) discover
[1.461s] DEBUG:colcon.colcon_installed_package_information.package_discovery:Found 1 installed packages in /home/hasnae/ros2_ws7/install
[1.463s] DEBUG:colcon.colcon_installed_package_information.package_discovery:Found 2 installed packages in /home/hasnae/ros2_ws6/install
[1.465s] DEBUG:colcon.colcon_installed_package_information.package_discovery:Found 4 installed packages in /home/hasnae/ros2_ws3/install
[1.466s] DEBUG:colcon.colcon_installed_package_information.package_discovery:Found 1 installed packages in /home/hasnae/ros2_ws/install
[1.468s] DEBUG:colcon.colcon_installed_package_information.package_discovery:Found 1 installed packages in /home/hasnae/ros2_ws1/install
[1.473s] DEBUG:colcon.colcon_installed_package_information.package_discovery:Found 460 installed packages in /opt/ros/humble
[1.476s] Level 1:colcon.colcon_core.package_discovery:discover_packages(prefix_path) using defaults
[1.748s] Level 5:colcon.colcon_core.verb:set package 'robotics_sim_project' build argument 'cmake_args' from command line to 'None'
[1.748s] Level 5:colcon.colcon_core.verb:set package 'robotics_sim_project' build argument 'cmake_target' from command line to 'None'
[1.748s] Level 5:colcon.colcon_core.verb:set package 'robotics_sim_project' build argument 'cmake_target_skip_unavailable' from command line to 'False'
[1.748s] Level 5:colcon.colcon_core.verb:set package 'robotics_sim_project' build argument 'cmake_clean_cache' from command line to 'False'
[1.748s] Level 5:colcon.colcon_core.verb:set package 'robotics_sim_project' build argument 'cmake_clean_first' from command line to 'False'
[1.748s] Level 5:colcon.colcon_core.verb:set package 'robotics_sim_project' build argument 'cmake_force_configure' from command line to 'False'
[1.748s] Level 5:colcon.colcon_core.verb:set package 'robotics_sim_project' build argument 'ament_cmake_args' from command line to 'None'
[1.748s] Level 5:colcon.colcon_core.verb:set package 'robotics_sim_project' build argument 'catkin_cmake_args' from command line to 'None'
[1.748s] Level 5:colcon.colcon_core.verb:set package 'robotics_sim_project' build argument 'catkin_skip_building_tests' from command line to 'False'
[1.748s] DEBUG:colcon.colcon_core.verb:Building package 'robotics_sim_project' with the following arguments: {'ament_cmake_args': None, 'build_base': '/home/hasnae/ros2_ws7/build/robotics_sim_project', 'catkin_cmake_args': None, 'catkin_skip_building_tests': False, 'cmake_args': None, 'cmake_clean_cache': False, 'cmake_clean_first': False, 'cmake_force_configure': False, 'cmake_target': None, 'cmake_target_skip_unavailable': False, 'install_base': '/home/hasnae/ros2_ws7/install/robotics_sim_project', 'merge_install': False, 'path': '/home/hasnae/ros2_ws7/src/robotics_sim_project', 'symlink_install': False, 'test_result_base': None}
[1.748s] INFO:colcon.colcon_core.executor:Executing jobs using 'parallel' executor
[1.750s] DEBUG:colcon.colcon_parallel_executor.executor.parallel:run_until_complete
[1.750s] INFO:colcon.colcon_ros.task.ament_cmake.build:Building ROS package in '/home/hasnae/ros2_ws7/src/robotics_sim_project' with build type 'ament_cmake'
[1.750s] INFO:colcon.colcon_cmake.task.cmake.build:Building CMake package in '/home/hasnae/ros2_ws7/src/robotics_sim_project'
[1.765s] INFO:colcon.colcon_core.plugin_system:Skipping extension 'colcon_core.shell.bat': Not used on non-Windows systems
[1.765s] INFO:colcon.colcon_core.shell:Skip shell extension 'powershell' for command environment: Not usable outside of PowerShell
[1.765s] DEBUG:colcon.colcon_core.shell:Skip shell extension 'dsv' for command environment
[1.790s] DEBUG:colcon.colcon_core.event_handler.log_command:Invoking command in '/home/hasnae/ros2_ws7/build/robotics_sim_project': CMAKE_PREFIX_PATH=${CMAKE_PREFIX_PATH}:/home/hasnae/ros2_ws6/install/robot_actions:/home/hasnae/ros2_ws3/install/simple_params:/home/hasnae/ros2_ws3/install/fleet_manager:/home/hasnae/ros2_ws1/install/service_practice:/home/hasnae/ros2_ws/install/my_first_package:/opt/ros/humble /usr/bin/cmake --build /home/hasnae/ros2_ws7/build/robotics_sim_project -- -j2 -l2
[1.971s] DEBUG:colcon.colcon_core.event_handler.log_command:Invoked command in '/home/hasnae/ros2_ws7/build/robotics_sim_project' returned '0': CMAKE_PREFIX_PATH=${CMAKE_PREFIX_PATH}:/home/hasnae/ros2_ws6/install/robot_actions:/home/hasnae/ros2_ws3/install/simple_params:/home/hasnae/ros2_ws3/install/fleet_manager:/home/hasnae/ros2_ws1/install/service_practice:/home/hasnae/ros2_ws/install/my_first_package:/opt/ros/humble /usr/bin/cmake --build /home/hasnae/ros2_ws7/build/robotics_sim_project -- -j2 -l2
[1.999s] DEBUG:colcon.colcon_core.event_handler.log_command:Invoking command in '/home/hasnae/ros2_ws7/build/robotics_sim_project': CMAKE_PREFIX_PATH=${CMAKE_PREFIX_PATH}:/home/hasnae/ros2_ws6/install/robot_actions:/home/hasnae/ros2_ws3/install/simple_params:/home/hasnae/ros2_ws3/install/fleet_manager:/home/hasnae/ros2_ws1/install/service_practice:/home/hasnae/ros2_ws/install/my_first_package:/opt/ros/humble /usr/bin/cmake --install /home/hasnae/ros2_ws7/build/robotics_sim_project
[2.032s] Level 1:colcon.colcon_core.environment:create_environment_scripts_only(robotics_sim_project)
[2.033s] DEBUG:colcon.colcon_core.event_handler.log_command:Invoked command in '/home/hasnae/ros2_ws7/build/robotics_sim_project' returned '0': CMAKE_PREFIX_PATH=${CMAKE_PREFIX_PATH}:/home/hasnae/ros2_ws6/install/robot_actions:/home/hasnae/ros2_ws3/install/simple_params:/home/hasnae/ros2_ws3/install/fleet_manager:/home/hasnae/ros2_ws1/install/service_practice:/home/hasnae/ros2_ws/install/my_first_package:/opt/ros/humble /usr/bin/cmake --install /home/hasnae/ros2_ws7/build/robotics_sim_project
[2.045s] Level 1:colcon.colcon_core.environment:checking '/home/hasnae/ros2_ws7/install/robotics_sim_project' for CMake module files
[2.046s] Level 1:colcon.colcon_core.environment:checking '/home/hasnae/ros2_ws7/install/robotics_sim_project' for CMake config files
[2.052s] Level 1:colcon.colcon_core.shell:create_environment_hook('robotics_sim_project', 'cmake_prefix_path')
[2.052s] INFO:colcon.colcon_core.shell:Creating environment hook '/home/hasnae/ros2_ws7/install/robotics_sim_project/share/robotics_sim_project/hook/cmake_prefix_path.ps1'
[2.054s] INFO:colcon.colcon_core.shell:Creating environment descriptor '/home/hasnae/ros2_ws7/install/robotics_sim_project/share/robotics_sim_project/hook/cmake_prefix_path.dsv'
[2.055s] INFO:colcon.colcon_core.shell:Creating environment hook '/home/hasnae/ros2_ws7/install/robotics_sim_project/share/robotics_sim_project/hook/cmake_prefix_path.sh'
[2.056s] Level 1:colcon.colcon_core.environment:checking '/home/hasnae/ros2_ws7/install/robotics_sim_project/bin'
[2.057s] Level 1:colcon.colcon_core.environment:checking '/home/hasnae/ros2_ws7/install/robotics_sim_project/lib/pkgconfig/robotics_sim_project.pc'
[2.057s] Level 1:colcon.colcon_core.environment:checking '/home/hasnae/ros2_ws7/install/robotics_sim_project/lib/python3.10/site-packages'
[2.057s] Level 1:colcon.colcon_core.environment:checking '/home/hasnae/ros2_ws7/install/robotics_sim_project/bin'
[2.058s] INFO:colcon.colcon_core.shell:Creating package script '/home/hasnae/ros2_ws7/install/robotics_sim_project/share/robotics_sim_project/package.ps1'
[2.059s] INFO:colcon.colcon_core.shell:Creating package descriptor '/home/hasnae/ros2_ws7/install/robotics_sim_project/share/robotics_sim_project/package.dsv'
[2.060s] INFO:colcon.colcon_core.shell:Creating package script '/home/hasnae/ros2_ws7/install/robotics_sim_project/share/robotics_sim_project/package.sh'
[2.062s] INFO:colcon.colcon_core.shell:Creating package script '/home/hasnae/ros2_ws7/install/robotics_sim_project/share/robotics_sim_project/package.bash'
[2.063s] INFO:colcon.colcon_core.shell:Creating package script '/home/hasnae/ros2_ws7/install/robotics_sim_project/share/robotics_sim_project/package.zsh'
[2.065s] Level 1:colcon.colcon_core.environment:create_file_with_runtime_dependencies(/home/hasnae/ros2_ws7/install/robotics_sim_project/share/colcon-core/packages/robotics_sim_project)
[2.066s] Level 1:colcon.colcon_core.environment:create_environment_scripts_only(robotics_sim_project)
[2.066s] Level 1:colcon.colcon_core.environment:checking '/home/hasnae/ros2_ws7/install/robotics_sim_project' for CMake module files
[2.067s] Level 1:colcon.colcon_core.environment:checking '/home/hasnae/ros2_ws7/install/robotics_sim_project' for CMake config files
[2.067s] Level 1:colcon.colcon_core.shell:create_environment_hook('robotics_sim_project', 'cmake_prefix_path')
[2.067s] INFO:colcon.colcon_core.shell:Creating environment hook '/home/hasnae/ros2_ws7/install/robotics_sim_project/share/robotics_sim_project/hook/cmake_prefix_path.ps1'
[2.068s] INFO:colcon.colcon_core.shell:Creating environment descriptor '/home/hasnae/ros2_ws7/install/robotics_sim_project/share/robotics_sim_project/hook/cmake_prefix_path.dsv'
[2.068s] INFO:colcon.colcon_core.shell:Creating environment hook '/home/hasnae/ros2_ws7/install/robotics_sim_project/share/robotics_sim_project/hook/cmake_prefix_path.sh'
[2.070s] Level 1:colcon.colcon_core.environment:checking '/home/hasnae/ros2_ws7/install/robotics_sim_project/bin'
[2.070s] Level 1:colcon.colcon_core.environment:checking '/home/hasnae/ros2_ws7/install/robotics_sim_project/lib/pkgconfig/robotics_sim_project.pc'
[2.070s] Level 1:colcon.colcon_core.environment:checking '/home/hasnae/ros2_ws7/install/robotics_sim_project/lib/python3.10/site-packages'
[2.070s] Level 1:colcon.colcon_core.environment:checking '/home/hasnae/ros2_ws7/install/robotics_sim_project/bin'
[2.071s] INFO:colcon.colcon_core.shell:Creating package script '/home/hasnae/ros2_ws7/install/robotics_sim_project/share/robotics_sim_project/package.ps1'
[2.072s] INFO:colcon.colcon_core.shell:Creating package descriptor '/home/hasnae/ros2_ws7/install/robotics_sim_project/share/robotics_sim_project/package.dsv'
[2.073s] INFO:colcon.colcon_core.shell:Creating package script '/home/hasnae/ros2_ws7/install/robotics_sim_project/share/robotics_sim_project/package.sh'
[2.073s] INFO:colcon.colcon_core.shell:Creating package script '/home/hasnae/ros2_ws7/install/robotics_sim_project/share/robotics_sim_project/package.bash'
[2.074s] INFO:colcon.colcon_core.shell:Creating package script '/home/hasnae/ros2_ws7/install/robotics_sim_project/share/robotics_sim_project/package.zsh'
[2.074s] Level 1:colcon.colcon_core.environment:create_file_with_runtime_dependencies(/home/hasnae/ros2_ws7/install/robotics_sim_project/share/colcon-core/packages/robotics_sim_project)
[2.075s] DEBUG:colcon.colcon_parallel_executor.executor.parallel:closing loop
[2.075s] DEBUG:colcon.colcon_parallel_executor.executor.parallel:loop closed
[2.075s] DEBUG:colcon.colcon_parallel_executor.executor.parallel:run_until_complete finished with '0'
[2.075s] DEBUG:colcon.colcon_core.event_reactor:joining thread
[2.095s] INFO:colcon.colcon_core.plugin_system:Skipping extension 'colcon_notification.desktop_notification.terminal_notifier': Not used on non-Darwin systems
[2.095s] INFO:colcon.colcon_core.plugin_system:Skipping extension 'colcon_notification.desktop_notification.win32': Not used on non-Windows systems
[2.095s] INFO:colcon.colcon_notification.desktop_notification:Sending desktop notification using 'notify2'
[2.142s] DEBUG:colcon.colcon_core.event_reactor:joined thread
[2.143s] INFO:colcon.colcon_core.shell:Creating prefix script '/home/hasnae/ros2_ws7/install/local_setup.ps1'
[2.145s] INFO:colcon.colcon_core.shell:Creating prefix util module '/home/hasnae/ros2_ws7/install/_local_setup_util_ps1.py'
[2.148s] INFO:colcon.colcon_core.shell:Creating prefix chain script '/home/hasnae/ros2_ws7/install/setup.ps1'
[2.151s] INFO:colcon.colcon_core.shell:Creating prefix script '/home/hasnae/ros2_ws7/install/local_setup.sh'
[2.153s] INFO:colcon.colcon_core.shell:Creating prefix util module '/home/hasnae/ros2_ws7/install/_local_setup_util_sh.py'
[2.154s] INFO:colcon.colcon_core.shell:Creating prefix chain script '/home/hasnae/ros2_ws7/install/setup.sh'
[2.156s] INFO:colcon.colcon_core.shell:Creating prefix script '/home/hasnae/ros2_ws7/install/local_setup.bash'
[2.157s] INFO:colcon.colcon_core.shell:Creating prefix chain script '/home/hasnae/ros2_ws7/install/setup.bash'
[2.160s] INFO:colcon.colcon_core.shell:Creating prefix script '/home/hasnae/ros2_ws7/install/local_setup.zsh'
[2.162s] INFO:colcon.colcon_core.shell:Creating prefix chain script '/home/hasnae/ros2_ws7/install/setup.zsh'
