[0.014s] Invoking command in '/home/hasnae/ros2_ws7/build/robotics_sim_project': CMAKE_PREFIX_PATH=${CMAKE_PREFIX_PATH}:/home/hasnae/ros2_ws6/install/robot_actions:/home/hasnae/ros2_ws3/install/simple_params:/home/hasnae/ros2_ws3/install/fleet_manager:/home/hasnae/ros2_ws1/install/service_practice:/home/hasnae/ros2_ws/install/my_first_package:/opt/ros/humble /usr/bin/cmake --build /home/hasnae/ros2_ws7/build/robotics_sim_project -- -j2 -l2
[0.070s] Invoked command in '/home/hasnae/ros2_ws7/build/robotics_sim_project' returned '0': CMAKE_PREFIX_PATH=${CMAKE_PREFIX_PATH}:/home/hasnae/ros2_ws6/install/robot_actions:/home/hasnae/ros2_ws3/install/simple_params:/home/hasnae/ros2_ws3/install/fleet_manager:/home/hasnae/ros2_ws1/install/service_practice:/home/hasnae/ros2_ws/install/my_first_package:/opt/ros/humble /usr/bin/cmake --build /home/hasnae/ros2_ws7/build/robotics_sim_project -- -j2 -l2
[0.081s] Invoking command in '/home/hasnae/ros2_ws7/build/robotics_sim_project': CMAKE_PREFIX_PATH=${CMAKE_PREFIX_PATH}:/home/hasnae/ros2_ws6/install/robot_actions:/home/hasnae/ros2_ws3/install/simple_params:/home/hasnae/ros2_ws3/install/fleet_manager:/home/hasnae/ros2_ws1/install/service_practice:/home/hasnae/ros2_ws/install/my_first_package:/opt/ros/humble /usr/bin/cmake --install /home/hasnae/ros2_ws7/build/robotics_sim_project
[0.090s] -- Install configuration: ""
[0.090s] -- Up-to-date: /home/hasnae/ros2_ws7/install/robotics_sim_project/share/robotics_sim_project//worlds
[0.090s] -- Up-to-date: /home/hasnae/ros2_ws7/install/robotics_sim_project/share/robotics_sim_project//worlds/simple_test_world.world
[0.090s] -- Up-to-date: /home/hasnae/ros2_ws7/install/robotics_sim_project/share/robotics_sim_project//launch
[0.090s] -- Installing: /home/hasnae/ros2_ws7/install/robotics_sim_project/share/robotics_sim_project//launch/rviz_display.launch.py
[0.090s] -- Up-to-date: /home/hasnae/ros2_ws7/install/robotics_sim_project/share/robotics_sim_project//launch/gazebo_simple_arm.launch.py
[0.090s] -- Up-to-date: /home/hasnae/ros2_ws7/install/robotics_sim_project/share/robotics_sim_project//urdf
[0.091s] -- Up-to-date: /home/hasnae/ros2_ws7/install/robotics_sim_project/share/robotics_sim_project//urdf/common
[0.091s] -- Up-to-date: /home/hasnae/ros2_ws7/install/robotics_sim_project/share/robotics_sim_project//urdf/common/materials.xacro
[0.091s] -- Up-to-date: /home/hasnae/ros2_ws7/install/robotics_sim_project/share/robotics_sim_project//urdf/common/properties.xacro
[0.091s] -- Up-to-date: /home/hasnae/ros2_ws7/install/robotics_sim_project/share/robotics_sim_project//urdf/common/gazebo_materials.xacro
[0.091s] -- Up-to-date: /home/hasnae/ros2_ws7/install/robotics_sim_project/share/robotics_sim_project//urdf/common/inertias.xacro
[0.091s] -- Up-to-date: /home/hasnae/ros2_ws7/install/robotics_sim_project/share/robotics_sim_project//urdf/simple_arm.urdf
[0.091s] -- Up-to-date: /home/hasnae/ros2_ws7/install/robotics_sim_project/share/robotics_sim_project//urdf/components
[0.091s] -- Up-to-date: /home/hasnae/ros2_ws7/install/robotics_sim_project/share/robotics_sim_project//urdf/simple_arm.urdf.xacro
[0.091s] -- Up-to-date: /home/hasnae/ros2_ws7/install/robotics_sim_project/share/robotics_sim_project//meshes
[0.091s] -- Up-to-date: /home/hasnae/ros2_ws7/install/robotics_sim_project/share/ament_index/resource_index/package_run_dependencies/robotics_sim_project
[0.091s] -- Up-to-date: /home/hasnae/ros2_ws7/install/robotics_sim_project/share/ament_index/resource_index/parent_prefix_path/robotics_sim_project
[0.091s] -- Up-to-date: /home/hasnae/ros2_ws7/install/robotics_sim_project/share/robotics_sim_project/environment/ament_prefix_path.sh
[0.091s] -- Up-to-date: /home/hasnae/ros2_ws7/install/robotics_sim_project/share/robotics_sim_project/environment/ament_prefix_path.dsv
[0.091s] -- Up-to-date: /home/hasnae/ros2_ws7/install/robotics_sim_project/share/robotics_sim_project/environment/path.sh
[0.091s] -- Up-to-date: /home/hasnae/ros2_ws7/install/robotics_sim_project/share/robotics_sim_project/environment/path.dsv
[0.091s] -- Up-to-date: /home/hasnae/ros2_ws7/install/robotics_sim_project/share/robotics_sim_project/local_setup.bash
[0.091s] -- Up-to-date: /home/hasnae/ros2_ws7/install/robotics_sim_project/share/robotics_sim_project/local_setup.sh
[0.092s] -- Up-to-date: /home/hasnae/ros2_ws7/install/robotics_sim_project/share/robotics_sim_project/local_setup.zsh
[0.092s] -- Up-to-date: /home/hasnae/ros2_ws7/install/robotics_sim_project/share/robotics_sim_project/local_setup.dsv
[0.092s] -- Installing: /home/hasnae/ros2_ws7/install/robotics_sim_project/share/robotics_sim_project/package.dsv
[0.092s] -- Up-to-date: /home/hasnae/ros2_ws7/install/robotics_sim_project/share/ament_index/resource_index/packages/robotics_sim_project
[0.092s] -- Up-to-date: /home/hasnae/ros2_ws7/install/robotics_sim_project/share/robotics_sim_project/cmake/robotics_sim_projectConfig.cmake
[0.092s] -- Up-to-date: /home/hasnae/ros2_ws7/install/robotics_sim_project/share/robotics_sim_project/cmake/robotics_sim_projectConfig-version.cmake
[0.092s] -- Up-to-date: /home/hasnae/ros2_ws7/install/robotics_sim_project/share/robotics_sim_project/package.xml
[0.094s] Invoked command in '/home/hasnae/ros2_ws7/build/robotics_sim_project' returned '0': CMAKE_PREFIX_PATH=${CMAKE_PREFIX_PATH}:/home/hasnae/ros2_ws6/install/robot_actions:/home/hasnae/ros2_ws3/install/simple_params:/home/hasnae/ros2_ws3/install/fleet_manager:/home/hasnae/ros2_ws1/install/service_practice:/home/hasnae/ros2_ws/install/my_first_package:/opt/ros/humble /usr/bin/cmake --install /home/hasnae/ros2_ws7/build/robotics_sim_project
